<?xml version="1.0" encoding="UTF-8"?>
<testsuite xmlns:xsi="http://www.w3.org/2001/XMLSchema-instance" xsi:noNamespaceSchemaLocation="https://maven.apache.org/surefire/maven-surefire-plugin/xsd/surefire-test-report.xsd" version="3.0.2" name="com.component.checkout.AcceptanceTests" time="0.554" tests="1" errors="0" skipped="0" failures="0">
  <properties>
    <property name="java.specification.version" value="17"/>
    <property name="sun.jnu.encoding" value="UTF-8"/>
    <property name="java.class.path" value="/home/cyboran/Pulpit/checkout-component-3.0/target/test-classes:/home/cyboran/Pulpit/checkout-component-3.0/target/classes:/home/cyboran/.m2/repository/org/springframework/boot/spring-boot-starter-data-jpa/3.4.0/spring-boot-starter-data-jpa-3.4.0.jar:/home/cyboran/.m2/repository/org/springframework/boot/spring-boot-starter/3.4.0/spring-boot-starter-3.4.0.jar:/home/cyboran/.m2/repository/org/springframework/boot/spring-boot-starter-logging/3.4.0/spring-boot-starter-logging-3.4.0.jar:/home/cyboran/.m2/repository/ch/qos/logback/logback-classic/1.5.12/logback-classic-1.5.12.jar:/home/cyboran/.m2/repository/ch/qos/logback/logback-core/1.5.12/logback-core-1.5.12.jar:/home/cyboran/.m2/repository/org/apache/logging/log4j/log4j-to-slf4j/2.24.1/log4j-to-slf4j-2.24.1.jar:/home/cyboran/.m2/repository/org/apache/logging/log4j/log4j-api/2.24.1/log4j-api-2.24.1.jar:/home/cyboran/.m2/repository/org/slf4j/jul-to-slf4j/2.0.16/jul-to-slf4j-2.0.16.jar:/home/cyboran/.m2/repository/jakarta/annotation/jakarta.annotation-api/2.1.1/jakarta.annotation-api-2.1.1.jar:/home/cyboran/.m2/repository/org/springframework/boot/spring-boot-starter-jdbc/3.4.0/spring-boot-starter-jdbc-3.4.0.jar:/home/cyboran/.m2/repository/com/zaxxer/HikariCP/5.1.0/HikariCP-5.1.0.jar:/home/cyboran/.m2/repository/org/springframework/spring-jdbc/6.2.0/spring-jdbc-6.2.0.jar:/home/cyboran/.m2/repository/org/hibernate/orm/hibernate-core/6.6.2.Final/hibernate-core-6.6.2.Final.jar:/home/cyboran/.m2/repository/jakarta/persistence/jakarta.persistence-api/3.1.0/jakarta.persistence-api-3.1.0.jar:/home/cyboran/.m2/repository/jakarta/transaction/jakarta.transaction-api/2.0.1/jakarta.transaction-api-2.0.1.jar:/home/cyboran/.m2/repository/org/jboss/logging/jboss-logging/3.6.1.Final/jboss-logging-3.6.1.Final.jar:/home/cyboran/.m2/repository/org/hibernate/common/hibernate-commons-annotations/7.0.3.Final/hibernate-commons-annotations-7.0.3.Final.jar:/home/cyboran/.m2/repository/io/smallrye/jandex/3.2.0/jandex-3.2.0.jar:/home/cyboran/.m2/repository/com/fasterxml/classmate/1.7.0/classmate-1.7.0.jar:/home/cyboran/.m2/repository/net/bytebuddy/byte-buddy/1.15.10/byte-buddy-1.15.10.jar:/home/cyboran/.m2/repository/org/glassfish/jaxb/jaxb-runtime/4.0.5/jaxb-runtime-4.0.5.jar:/home/cyboran/.m2/repository/org/glassfish/jaxb/jaxb-core/4.0.5/jaxb-core-4.0.5.jar:/home/cyboran/.m2/repository/org/eclipse/angus/angus-activation/2.0.2/angus-activation-2.0.2.jar:/home/cyboran/.m2/repository/org/glassfish/jaxb/txw2/4.0.5/txw2-4.0.5.jar:/home/cyboran/.m2/repository/com/sun/istack/istack-commons-runtime/4.1.2/istack-commons-runtime-4.1.2.jar:/home/cyboran/.m2/repository/jakarta/inject/jakarta.inject-api/2.0.1/jakarta.inject-api-2.0.1.jar:/home/cyboran/.m2/repository/org/antlr/antlr4-runtime/4.13.0/antlr4-runtime-4.13.0.jar:/home/cyboran/.m2/repository/org/springframework/data/spring-data-jpa/3.4.0/spring-data-jpa-3.4.0.jar:/home/cyboran/.m2/repository/org/springframework/data/spring-data-commons/3.4.0/spring-data-commons-3.4.0.jar:/home/cyboran/.m2/repository/org/springframework/spring-orm/6.2.0/spring-orm-6.2.0.jar:/home/cyboran/.m2/repository/org/springframework/spring-context/6.2.0/spring-context-6.2.0.jar:/home/cyboran/.m2/repository/org/springframework/spring-tx/6.2.0/spring-tx-6.2.0.jar:/home/cyboran/.m2/repository/org/springframework/spring-beans/6.2.0/spring-beans-6.2.0.jar:/home/cyboran/.m2/repository/org/slf4j/slf4j-api/2.0.16/slf4j-api-2.0.16.jar:/home/cyboran/.m2/repository/org/springframework/spring-aspects/6.2.0/spring-aspects-6.2.0.jar:/home/cyboran/.m2/repository/org/aspectj/aspectjweaver/1.9.22.1/aspectjweaver-1.9.22.1.jar:/home/cyboran/.m2/repository/org/springframework/boot/spring-boot-starter-security/3.4.0/spring-boot-starter-security-3.4.0.jar:/home/cyboran/.m2/repository/org/springframework/spring-aop/6.2.0/spring-aop-6.2.0.jar:/home/cyboran/.m2/repository/org/springframework/security/spring-security-config/6.4.1/spring-security-config-6.4.1.jar:/home/cyboran/.m2/repository/org/springframework/security/spring-security-web/6.4.1/spring-security-web-6.4.1.jar:/home/cyboran/.m2/repository/org/springframework/spring-expression/6.2.0/spring-expression-6.2.0.jar:/home/cyboran/.m2/repository/org/springframework/boot/spring-boot-starter-web/3.4.0/spring-boot-starter-web-3.4.0.jar:/home/cyboran/.m2/repository/org/springframework/boot/spring-boot-starter-json/3.4.0/spring-boot-starter-json-3.4.0.jar:/home/cyboran/.m2/repository/com/fasterxml/jackson/datatype/jackson-datatype-jdk8/2.18.1/jackson-datatype-jdk8-2.18.1.jar:/home/cyboran/.m2/repository/com/fasterxml/jackson/datatype/jackson-datatype-jsr310/2.18.1/jackson-datatype-jsr310-2.18.1.jar:/home/cyboran/.m2/repository/com/fasterxml/jackson/module/jackson-module-parameter-names/2.18.1/jackson-module-parameter-names-2.18.1.jar:/home/cyboran/.m2/repository/org/springframework/boot/spring-boot-starter-tomcat/3.4.0/spring-boot-starter-tomcat-3.4.0.jar:/home/cyboran/.m2/repository/org/apache/tomcat/embed/tomcat-embed-core/10.1.33/tomcat-embed-core-10.1.33.jar:/home/cyboran/.m2/repository/org/apache/tomcat/embed/tomcat-embed-websocket/10.1.33/tomcat-embed-websocket-10.1.33.jar:/home/cyboran/.m2/repository/org/springframework/spring-web/6.2.0/spring-web-6.2.0.jar:/home/cyboran/.m2/repository/io/micrometer/micrometer-observation/1.14.1/micrometer-observation-1.14.1.jar:/home/cyboran/.m2/repository/io/micrometer/micrometer-commons/1.14.1/micrometer-commons-1.14.1.jar:/home/cyboran/.m2/repository/org/springframework/spring-webmvc/6.2.0/spring-webmvc-6.2.0.jar:/home/cyboran/.m2/repository/org/springframework/boot/spring-boot-devtools/3.4.0/spring-boot-devtools-3.4.0.jar:/home/cyboran/.m2/repository/org/springframework/boot/spring-boot/3.4.0/spring-boot-3.4.0.jar:/home/cyboran/.m2/repository/org/springframework/boot/spring-boot-autoconfigure/3.4.0/spring-boot-autoconfigure-3.4.0.jar:/home/cyboran/.m2/repository/com/mysql/mysql-connector-j/9.1.0/mysql-connector-j-9.1.0.jar:/home/cyboran/.m2/repository/org/springframework/boot/spring-boot-starter-test/3.4.0/spring-boot-starter-test-3.4.0.jar:/home/cyboran/.m2/repository/org/springframework/boot/spring-boot-test/3.4.0/spring-boot-test-3.4.0.jar:/home/cyboran/.m2/repository/org/springframework/boot/spring-boot-test-autoconfigure/3.4.0/spring-boot-test-autoconfigure-3.4.0.jar:/home/cyboran/.m2/repository/com/jayway/jsonpath/json-path/2.9.0/json-path-2.9.0.jar:/home/cyboran/.m2/repository/jakarta/xml/bind/jakarta.xml.bind-api/4.0.2/jakarta.xml.bind-api-4.0.2.jar:/home/cyboran/.m2/repository/jakarta/activation/jakarta.activation-api/2.1.3/jakarta.activation-api-2.1.3.jar:/home/cyboran/.m2/repository/net/minidev/json-smart/2.5.1/json-smart-2.5.1.jar:/home/cyboran/.m2/repository/net/minidev/accessors-smart/2.5.1/accessors-smart-2.5.1.jar:/home/cyboran/.m2/repository/org/ow2/asm/asm/9.6/asm-9.6.jar:/home/cyboran/.m2/repository/org/assertj/assertj-core/3.26.3/assertj-core-3.26.3.jar:/home/cyboran/.m2/repository/org/awaitility/awaitility/4.2.2/awaitility-4.2.2.jar:/home/cyboran/.m2/repository/org/hamcrest/hamcrest/2.2/hamcrest-2.2.jar:/home/cyboran/.m2/repository/org/junit/jupiter/junit-jupiter/5.11.3/junit-jupiter-5.11.3.jar:/home/cyboran/.m2/repository/org/junit/jupiter/junit-jupiter-api/5.11.3/junit-jupiter-api-5.11.3.jar:/home/cyboran/.m2/repository/org/opentest4j/opentest4j/1.3.0/opentest4j-1.3.0.jar:/home/cyboran/.m2/repository/org/junit/platform/junit-platform-commons/1.11.3/junit-platform-commons-1.11.3.jar:/home/cyboran/.m2/repository/org/apiguardian/apiguardian-api/1.1.2/apiguardian-api-1.1.2.jar:/home/cyboran/.m2/repository/org/junit/jupiter/junit-jupiter-params/5.11.3/junit-jupiter-params-5.11.3.jar:/home/cyboran/.m2/repository/org/junit/jupiter/junit-jupiter-engine/5.11.3/junit-jupiter-engine-5.11.3.jar:/home/cyboran/.m2/repository/org/junit/platform/junit-platform-engine/1.11.3/junit-platform-engine-1.11.3.jar:/home/cyboran/.m2/repository/org/mockito/mockito-core/5.14.2/mockito-core-5.14.2.jar:/home/cyboran/.m2/repository/net/bytebuddy/byte-buddy-agent/1.15.10/byte-buddy-agent-1.15.10.jar:/home/cyboran/.m2/repository/org/objenesis/objenesis/3.3/objenesis-3.3.jar:/home/cyboran/.m2/repository/org/mockito/mockito-junit-jupiter/5.14.2/mockito-junit-jupiter-5.14.2.jar:/home/cyboran/.m2/repository/org/skyscreamer/jsonassert/1.5.3/jsonassert-1.5.3.jar:/home/cyboran/.m2/repository/com/vaadin/external/google/android-json/0.0.20131108.vaadin1/android-json-0.0.20131108.vaadin1.jar:/home/cyboran/.m2/repository/org/springframework/spring-core/6.2.0/spring-core-6.2.0.jar:/home/cyboran/.m2/repository/org/springframework/spring-jcl/6.2.0/spring-jcl-6.2.0.jar:/home/cyboran/.m2/repository/org/springframework/spring-test/6.2.0/spring-test-6.2.0.jar:/home/cyboran/.m2/repository/org/xmlunit/xmlunit-core/2.10.0/xmlunit-core-2.10.0.jar:/home/cyboran/.m2/repository/org/springframework/security/spring-security-test/6.4.1/spring-security-test-6.4.1.jar:/home/cyboran/.m2/repository/org/springframework/security/spring-security-core/6.4.1/spring-security-core-6.4.1.jar:/home/cyboran/.m2/repository/org/springframework/security/spring-security-crypto/6.4.1/spring-security-crypto-6.4.1.jar:/home/cyboran/.m2/repository/com/h2database/h2/2.3.232/h2-2.3.232.jar:/home/cyboran/.m2/repository/io/jsonwebtoken/jjwt-api/0.11.5/jjwt-api-0.11.5.jar:/home/cyboran/.m2/repository/io/jsonwebtoken/jjwt-impl/0.11.5/jjwt-impl-0.11.5.jar:/home/cyboran/.m2/repository/io/jsonwebtoken/jjwt-jackson/0.11.5/jjwt-jackson-0.11.5.jar:/home/cyboran/.m2/repository/com/fasterxml/jackson/core/jackson-databind/2.18.1/jackson-databind-2.18.1.jar:/home/cyboran/.m2/repository/com/fasterxml/jackson/core/jackson-annotations/2.18.1/jackson-annotations-2.18.1.jar:/home/cyboran/.m2/repository/com/fasterxml/jackson/core/jackson-core/2.18.1/jackson-core-2.18.1.jar:/home/cyboran/.m2/repository/org/springframework/boot/spring-boot-starter-validation/3.4.0/spring-boot-starter-validation-3.4.0.jar:/home/cyboran/.m2/repository/org/apache/tomcat/embed/tomcat-embed-el/10.1.33/tomcat-embed-el-10.1.33.jar:/home/cyboran/.m2/repository/org/hibernate/validator/hibernate-validator/8.0.1.Final/hibernate-validator-8.0.1.Final.jar:/home/cyboran/.m2/repository/jakarta/validation/jakarta.validation-api/3.0.2/jakarta.validation-api-3.0.2.jar:/home/cyboran/.m2/repository/org/liquibase/liquibase-core/4.29.2/liquibase-core-4.29.2.jar:/home/cyboran/.m2/repository/com/opencsv/opencsv/5.9/opencsv-5.9.jar:/home/cyboran/.m2/repository/org/yaml/snakeyaml/2.3/snakeyaml-2.3.jar:/home/cyboran/.m2/repository/javax/xml/bind/jaxb-api/2.3.1/jaxb-api-2.3.1.jar:/home/cyboran/.m2/repository/commons-io/commons-io/2.16.1/commons-io-2.16.1.jar:/home/cyboran/.m2/repository/org/apache/commons/commons-collections4/4.4/commons-collections4-4.4.jar:/home/cyboran/.m2/repository/org/apache/commons/commons-text/1.12.0/commons-text-1.12.0.jar:/home/cyboran/.m2/repository/org/apache/commons/commons-lang3/3.17.0/commons-lang3-3.17.0.jar:/home/cyboran/.m2/repository/org/springdoc/springdoc-openapi-starter-webmvc-ui/2.7.0/springdoc-openapi-starter-webmvc-ui-2.7.0.jar:/home/cyboran/.m2/repository/org/springdoc/springdoc-openapi-starter-webmvc-api/2.7.0/springdoc-openapi-starter-webmvc-api-2.7.0.jar:/home/cyboran/.m2/repository/org/springdoc/springdoc-openapi-starter-common/2.7.0/springdoc-openapi-starter-common-2.7.0.jar:/home/cyboran/.m2/repository/io/swagger/core/v3/swagger-core-jakarta/2.2.25/swagger-core-jakarta-2.2.25.jar:/home/cyboran/.m2/repository/io/swagger/core/v3/swagger-annotations-jakarta/2.2.25/swagger-annotations-jakarta-2.2.25.jar:/home/cyboran/.m2/repository/io/swagger/core/v3/swagger-models-jakarta/2.2.25/swagger-models-jakarta-2.2.25.jar:/home/cyboran/.m2/repository/com/fasterxml/jackson/dataformat/jackson-dataformat-yaml/2.18.1/jackson-dataformat-yaml-2.18.1.jar:/home/cyboran/.m2/repository/org/webjars/swagger-ui/5.18.2/swagger-ui-5.18.2.jar:/home/cyboran/.m2/repository/org/webjars/webjars-locator-lite/1.0.1/webjars-locator-lite-1.0.1.jar:/home/cyboran/.m2/repository/org/jspecify/jspecify/1.0.0/jspecify-1.0.0.jar:"/>
    <property name="java.vm.vendor" value="Ubuntu"/>
    <property name="sun.arch.data.model" value="64"/>
    <property name="java.vendor.url" value="https://ubuntu.com/"/>
    <property name="catalina.useNaming" value="false"/>
    <property name="user.timezone" value="Europe/Warsaw"/>
    <property name="org.jboss.logging.provider" value="slf4j"/>
    <property name="os.name" value="Linux"/>
    <property name="java.vm.specification.version" value="17"/>
    <property name="APPLICATION_NAME" value="CC3"/>
    <property name="sun.java.launcher" value="SUN_STANDARD"/>
    <property name="user.country" value="PL"/>
    <property name="sun.boot.library.path" value="/usr/lib/jvm/java-17-openjdk-amd64/lib"/>
    <property name="sun.java.command" value="/home/cyboran/Pulpit/checkout-component-3.0/target/surefire/surefirebooter-20241220183653659_3.jar /home/cyboran/Pulpit/checkout-component-3.0/target/surefire 2024-12-20T18-36-53_577-jvmRun1 surefire-20241220183653659_1tmp surefire_0-20241220183653659_2tmp"/>
    <property name="jdk.debug" value="release"/>
    <property name="surefire.test.class.path" value="/home/cyboran/Pulpit/checkout-component-3.0/target/test-classes:/home/cyboran/Pulpit/checkout-component-3.0/target/classes:/home/cyboran/.m2/repository/org/springframework/boot/spring-boot-starter-data-jpa/3.4.0/spring-boot-starter-data-jpa-3.4.0.jar:/home/cyboran/.m2/repository/org/springframework/boot/spring-boot-starter/3.4.0/spring-boot-starter-3.4.0.jar:/home/cyboran/.m2/repository/org/springframework/boot/spring-boot-starter-logging/3.4.0/spring-boot-starter-logging-3.4.0.jar:/home/cyboran/.m2/repository/ch/qos/logback/logback-classic/1.5.12/logback-classic-1.5.12.jar:/home/cyboran/.m2/repository/ch/qos/logback/logback-core/1.5.12/logback-core-1.5.12.jar:/home/cyboran/.m2/repository/org/apache/logging/log4j/log4j-to-slf4j/2.24.1/log4j-to-slf4j-2.24.1.jar:/home/cyboran/.m2/repository/org/apache/logging/log4j/log4j-api/2.24.1/log4j-api-2.24.1.jar:/home/cyboran/.m2/repository/org/slf4j/jul-to-slf4j/2.0.16/jul-to-slf4j-2.0.16.jar:/home/cyboran/.m2/repository/jakarta/annotation/jakarta.annotation-api/2.1.1/jakarta.annotation-api-2.1.1.jar:/home/cyboran/.m2/repository/org/springframework/boot/spring-boot-starter-jdbc/3.4.0/spring-boot-starter-jdbc-3.4.0.jar:/home/cyboran/.m2/repository/com/zaxxer/HikariCP/5.1.0/HikariCP-5.1.0.jar:/home/cyboran/.m2/repository/org/springframework/spring-jdbc/6.2.0/spring-jdbc-6.2.0.jar:/home/cyboran/.m2/repository/org/hibernate/orm/hibernate-core/6.6.2.Final/hibernate-core-6.6.2.Final.jar:/home/cyboran/.m2/repository/jakarta/persistence/jakarta.persistence-api/3.1.0/jakarta.persistence-api-3.1.0.jar:/home/cyboran/.m2/repository/jakarta/transaction/jakarta.transaction-api/2.0.1/jakarta.transaction-api-2.0.1.jar:/home/cyboran/.m2/repository/org/jboss/logging/jboss-logging/3.6.1.Final/jboss-logging-3.6.1.Final.jar:/home/cyboran/.m2/repository/org/hibernate/common/hibernate-commons-annotations/7.0.3.Final/hibernate-commons-annotations-7.0.3.Final.jar:/home/cyboran/.m2/repository/io/smallrye/jandex/3.2.0/jandex-3.2.0.jar:/home/cyboran/.m2/repository/com/fasterxml/classmate/1.7.0/classmate-1.7.0.jar:/home/cyboran/.m2/repository/net/bytebuddy/byte-buddy/1.15.10/byte-buddy-1.15.10.jar:/home/cyboran/.m2/repository/org/glassfish/jaxb/jaxb-runtime/4.0.5/jaxb-runtime-4.0.5.jar:/home/cyboran/.m2/repository/org/glassfish/jaxb/jaxb-core/4.0.5/jaxb-core-4.0.5.jar:/home/cyboran/.m2/repository/org/eclipse/angus/angus-activation/2.0.2/angus-activation-2.0.2.jar:/home/cyboran/.m2/repository/org/glassfish/jaxb/txw2/4.0.5/txw2-4.0.5.jar:/home/cyboran/.m2/repository/com/sun/istack/istack-commons-runtime/4.1.2/istack-commons-runtime-4.1.2.jar:/home/cyboran/.m2/repository/jakarta/inject/jakarta.inject-api/2.0.1/jakarta.inject-api-2.0.1.jar:/home/cyboran/.m2/repository/org/antlr/antlr4-runtime/4.13.0/antlr4-runtime-4.13.0.jar:/home/cyboran/.m2/repository/org/springframework/data/spring-data-jpa/3.4.0/spring-data-jpa-3.4.0.jar:/home/cyboran/.m2/repository/org/springframework/data/spring-data-commons/3.4.0/spring-data-commons-3.4.0.jar:/home/cyboran/.m2/repository/org/springframework/spring-orm/6.2.0/spring-orm-6.2.0.jar:/home/cyboran/.m2/repository/org/springframework/spring-context/6.2.0/spring-context-6.2.0.jar:/home/cyboran/.m2/repository/org/springframework/spring-tx/6.2.0/spring-tx-6.2.0.jar:/home/cyboran/.m2/repository/org/springframework/spring-beans/6.2.0/spring-beans-6.2.0.jar:/home/cyboran/.m2/repository/org/slf4j/slf4j-api/2.0.16/slf4j-api-2.0.16.jar:/home/cyboran/.m2/repository/org/springframework/spring-aspects/6.2.0/spring-aspects-6.2.0.jar:/home/cyboran/.m2/repository/org/aspectj/aspectjweaver/1.9.22.1/aspectjweaver-1.9.22.1.jar:/home/cyboran/.m2/repository/org/springframework/boot/spring-boot-starter-security/3.4.0/spring-boot-starter-security-3.4.0.jar:/home/cyboran/.m2/repository/org/springframework/spring-aop/6.2.0/spring-aop-6.2.0.jar:/home/cyboran/.m2/repository/org/springframework/security/spring-security-config/6.4.1/spring-security-config-6.4.1.jar:/home/cyboran/.m2/repository/org/springframework/security/spring-security-web/6.4.1/spring-security-web-6.4.1.jar:/home/cyboran/.m2/repository/org/springframework/spring-expression/6.2.0/spring-expression-6.2.0.jar:/home/cyboran/.m2/repository/org/springframework/boot/spring-boot-starter-web/3.4.0/spring-boot-starter-web-3.4.0.jar:/home/cyboran/.m2/repository/org/springframework/boot/spring-boot-starter-json/3.4.0/spring-boot-starter-json-3.4.0.jar:/home/cyboran/.m2/repository/com/fasterxml/jackson/datatype/jackson-datatype-jdk8/2.18.1/jackson-datatype-jdk8-2.18.1.jar:/home/cyboran/.m2/repository/com/fasterxml/jackson/datatype/jackson-datatype-jsr310/2.18.1/jackson-datatype-jsr310-2.18.1.jar:/home/cyboran/.m2/repository/com/fasterxml/jackson/module/jackson-module-parameter-names/2.18.1/jackson-module-parameter-names-2.18.1.jar:/home/cyboran/.m2/repository/org/springframework/boot/spring-boot-starter-tomcat/3.4.0/spring-boot-starter-tomcat-3.4.0.jar:/home/cyboran/.m2/repository/org/apache/tomcat/embed/tomcat-embed-core/10.1.33/tomcat-embed-core-10.1.33.jar:/home/cyboran/.m2/repository/org/apache/tomcat/embed/tomcat-embed-websocket/10.1.33/tomcat-embed-websocket-10.1.33.jar:/home/cyboran/.m2/repository/org/springframework/spring-web/6.2.0/spring-web-6.2.0.jar:/home/cyboran/.m2/repository/io/micrometer/micrometer-observation/1.14.1/micrometer-observation-1.14.1.jar:/home/cyboran/.m2/repository/io/micrometer/micrometer-commons/1.14.1/micrometer-commons-1.14.1.jar:/home/cyboran/.m2/repository/org/springframework/spring-webmvc/6.2.0/spring-webmvc-6.2.0.jar:/home/cyboran/.m2/repository/org/springframework/boot/spring-boot-devtools/3.4.0/spring-boot-devtools-3.4.0.jar:/home/cyboran/.m2/repository/org/springframework/boot/spring-boot/3.4.0/spring-boot-3.4.0.jar:/home/cyboran/.m2/repository/org/springframework/boot/spring-boot-autoconfigure/3.4.0/spring-boot-autoconfigure-3.4.0.jar:/home/cyboran/.m2/repository/com/mysql/mysql-connector-j/9.1.0/mysql-connector-j-9.1.0.jar:/home/cyboran/.m2/repository/org/springframework/boot/spring-boot-starter-test/3.4.0/spring-boot-starter-test-3.4.0.jar:/home/cyboran/.m2/repository/org/springframework/boot/spring-boot-test/3.4.0/spring-boot-test-3.4.0.jar:/home/cyboran/.m2/repository/org/springframework/boot/spring-boot-test-autoconfigure/3.4.0/spring-boot-test-autoconfigure-3.4.0.jar:/home/cyboran/.m2/repository/com/jayway/jsonpath/json-path/2.9.0/json-path-2.9.0.jar:/home/cyboran/.m2/repository/jakarta/xml/bind/jakarta.xml.bind-api/4.0.2/jakarta.xml.bind-api-4.0.2.jar:/home/cyboran/.m2/repository/jakarta/activation/jakarta.activation-api/2.1.3/jakarta.activation-api-2.1.3.jar:/home/cyboran/.m2/repository/net/minidev/json-smart/2.5.1/json-smart-2.5.1.jar:/home/cyboran/.m2/repository/net/minidev/accessors-smart/2.5.1/accessors-smart-2.5.1.jar:/home/cyboran/.m2/repository/org/ow2/asm/asm/9.6/asm-9.6.jar:/home/cyboran/.m2/repository/org/assertj/assertj-core/3.26.3/assertj-core-3.26.3.jar:/home/cyboran/.m2/repository/org/awaitility/awaitility/4.2.2/awaitility-4.2.2.jar:/home/cyboran/.m2/repository/org/hamcrest/hamcrest/2.2/hamcrest-2.2.jar:/home/cyboran/.m2/repository/org/junit/jupiter/junit-jupiter/5.11.3/junit-jupiter-5.11.3.jar:/home/cyboran/.m2/repository/org/junit/jupiter/junit-jupiter-api/5.11.3/junit-jupiter-api-5.11.3.jar:/home/cyboran/.m2/repository/org/opentest4j/opentest4j/1.3.0/opentest4j-1.3.0.jar:/home/cyboran/.m2/repository/org/junit/platform/junit-platform-commons/1.11.3/junit-platform-commons-1.11.3.jar:/home/cyboran/.m2/repository/org/apiguardian/apiguardian-api/1.1.2/apiguardian-api-1.1.2.jar:/home/cyboran/.m2/repository/org/junit/jupiter/junit-jupiter-params/5.11.3/junit-jupiter-params-5.11.3.jar:/home/cyboran/.m2/repository/org/junit/jupiter/junit-jupiter-engine/5.11.3/junit-jupiter-engine-5.11.3.jar:/home/cyboran/.m2/repository/org/junit/platform/junit-platform-engine/1.11.3/junit-platform-engine-1.11.3.jar:/home/cyboran/.m2/repository/org/mockito/mockito-core/5.14.2/mockito-core-5.14.2.jar:/home/cyboran/.m2/repository/net/bytebuddy/byte-buddy-agent/1.15.10/byte-buddy-agent-1.15.10.jar:/home/cyboran/.m2/repository/org/objenesis/objenesis/3.3/objenesis-3.3.jar:/home/cyboran/.m2/repository/org/mockito/mockito-junit-jupiter/5.14.2/mockito-junit-jupiter-5.14.2.jar:/home/cyboran/.m2/repository/org/skyscreamer/jsonassert/1.5.3/jsonassert-1.5.3.jar:/home/cyboran/.m2/repository/com/vaadin/external/google/android-json/0.0.20131108.vaadin1/android-json-0.0.20131108.vaadin1.jar:/home/cyboran/.m2/repository/org/springframework/spring-core/6.2.0/spring-core-6.2.0.jar:/home/cyboran/.m2/repository/org/springframework/spring-jcl/6.2.0/spring-jcl-6.2.0.jar:/home/cyboran/.m2/repository/org/springframework/spring-test/6.2.0/spring-test-6.2.0.jar:/home/cyboran/.m2/repository/org/xmlunit/xmlunit-core/2.10.0/xmlunit-core-2.10.0.jar:/home/cyboran/.m2/repository/org/springframework/security/spring-security-test/6.4.1/spring-security-test-6.4.1.jar:/home/cyboran/.m2/repository/org/springframework/security/spring-security-core/6.4.1/spring-security-core-6.4.1.jar:/home/cyboran/.m2/repository/org/springframework/security/spring-security-crypto/6.4.1/spring-security-crypto-6.4.1.jar:/home/cyboran/.m2/repository/com/h2database/h2/2.3.232/h2-2.3.232.jar:/home/cyboran/.m2/repository/io/jsonwebtoken/jjwt-api/0.11.5/jjwt-api-0.11.5.jar:/home/cyboran/.m2/repository/io/jsonwebtoken/jjwt-impl/0.11.5/jjwt-impl-0.11.5.jar:/home/cyboran/.m2/repository/io/jsonwebtoken/jjwt-jackson/0.11.5/jjwt-jackson-0.11.5.jar:/home/cyboran/.m2/repository/com/fasterxml/jackson/core/jackson-databind/2.18.1/jackson-databind-2.18.1.jar:/home/cyboran/.m2/repository/com/fasterxml/jackson/core/jackson-annotations/2.18.1/jackson-annotations-2.18.1.jar:/home/cyboran/.m2/repository/com/fasterxml/jackson/core/jackson-core/2.18.1/jackson-core-2.18.1.jar:/home/cyboran/.m2/repository/org/springframework/boot/spring-boot-starter-validation/3.4.0/spring-boot-starter-validation-3.4.0.jar:/home/cyboran/.m2/repository/org/apache/tomcat/embed/tomcat-embed-el/10.1.33/tomcat-embed-el-10.1.33.jar:/home/cyboran/.m2/repository/org/hibernate/validator/hibernate-validator/8.0.1.Final/hibernate-validator-8.0.1.Final.jar:/home/cyboran/.m2/repository/jakarta/validation/jakarta.validation-api/3.0.2/jakarta.validation-api-3.0.2.jar:/home/cyboran/.m2/repository/org/liquibase/liquibase-core/4.29.2/liquibase-core-4.29.2.jar:/home/cyboran/.m2/repository/com/opencsv/opencsv/5.9/opencsv-5.9.jar:/home/cyboran/.m2/repository/org/yaml/snakeyaml/2.3/snakeyaml-2.3.jar:/home/cyboran/.m2/repository/javax/xml/bind/jaxb-api/2.3.1/jaxb-api-2.3.1.jar:/home/cyboran/.m2/repository/commons-io/commons-io/2.16.1/commons-io-2.16.1.jar:/home/cyboran/.m2/repository/org/apache/commons/commons-collections4/4.4/commons-collections4-4.4.jar:/home/cyboran/.m2/repository/org/apache/commons/commons-text/1.12.0/commons-text-1.12.0.jar:/home/cyboran/.m2/repository/org/apache/commons/commons-lang3/3.17.0/commons-lang3-3.17.0.jar:/home/cyboran/.m2/repository/org/springdoc/springdoc-openapi-starter-webmvc-ui/2.7.0/springdoc-openapi-starter-webmvc-ui-2.7.0.jar:/home/cyboran/.m2/repository/org/springdoc/springdoc-openapi-starter-webmvc-api/2.7.0/springdoc-openapi-starter-webmvc-api-2.7.0.jar:/home/cyboran/.m2/repository/org/springdoc/springdoc-openapi-starter-common/2.7.0/springdoc-openapi-starter-common-2.7.0.jar:/home/cyboran/.m2/repository/io/swagger/core/v3/swagger-core-jakarta/2.2.25/swagger-core-jakarta-2.2.25.jar:/home/cyboran/.m2/repository/io/swagger/core/v3/swagger-annotations-jakarta/2.2.25/swagger-annotations-jakarta-2.2.25.jar:/home/cyboran/.m2/repository/io/swagger/core/v3/swagger-models-jakarta/2.2.25/swagger-models-jakarta-2.2.25.jar:/home/cyboran/.m2/repository/com/fasterxml/jackson/dataformat/jackson-dataformat-yaml/2.18.1/jackson-dataformat-yaml-2.18.1.jar:/home/cyboran/.m2/repository/org/webjars/swagger-ui/5.18.2/swagger-ui-5.18.2.jar:/home/cyboran/.m2/repository/org/webjars/webjars-locator-lite/1.0.1/webjars-locator-lite-1.0.1.jar:/home/cyboran/.m2/repository/org/jspecify/jspecify/1.0.0/jspecify-1.0.0.jar:"/>
    <property name="sun.cpu.endian" value="little"/>
    <property name="user.home" value="/home/cyboran"/>
    <property name="user.language" value="pl"/>
    <property name="java.specification.vendor" value="Oracle Corporation"/>
    <property name="java.version.date" value="2024-10-15"/>
    <property name="java.home" value="/usr/lib/jvm/java-17-openjdk-amd64"/>
    <property name="file.separator" value="/"/>
    <property name="basedir" value="/home/cyboran/Pulpit/checkout-component-3.0"/>
    <property name="java.vm.compressedOopsMode" value="Zero based"/>
    <property name="line.separator" value="&#10;"/>
    <property name="java.specification.name" value="Java Platform API Specification"/>
    <property name="java.vm.specification.vendor" value="Oracle Corporation"/>
    <property name="FILE_LOG_CHARSET" value="UTF-8"/>
    <property name="java.awt.headless" value="true"/>
    <property name="surefire.real.class.path" value="/home/cyboran/Pulpit/checkout-component-3.0/target/surefire/surefirebooter-20241220183653659_3.jar"/>
    <property name="sun.management.compiler" value="HotSpot 64-Bit Tiered Compilers"/>
    <property name="java.runtime.version" value="17.0.13+11-Ubuntu-2ubuntu122.04"/>
    <property name="user.name" value="cyboran"/>
    <property name="path.separator" value=":"/>
    <property name="os.version" value="6.8.0-49-generic"/>
    <property name="java.runtime.name" value="OpenJDK Runtime Environment"/>
    <property name="file.encoding" value="UTF-8"/>
    <property name="java.vm.name" value="OpenJDK 64-Bit Server VM"/>
    <property name="localRepository" value="/home/cyboran/.m2/repository"/>
    <property name="java.vendor.url.bug" value="https://bugs.launchpad.net/ubuntu/+source/openjdk-17"/>
    <property name="java.io.tmpdir" value="/tmp"/>
    <property name="com.zaxxer.hikari.pool_number" value="2"/>
    <property name="catalina.home" value="/tmp/tomcat.0.151754363634219368"/>
    <property name="java.version" value="17.0.13"/>
    <property name="user.dir" value="/home/cyboran/Pulpit/checkout-component-3.0"/>
    <property name="os.arch" value="amd64"/>
    <property name="java.vm.specification.name" value="Java Virtual Machine Specification"/>
    <property name="PID" value="17282"/>
    <property name="CONSOLE_LOG_CHARSET" value="UTF-8"/>
    <property name="catalina.base" value="/tmp/tomcat.0.151754363634219368"/>
    <property name="native.encoding" value="UTF-8"/>
    <property name="java.library.path" value="/usr/java/packages/lib:/usr/lib/x86_64-linux-gnu/jni:/lib/x86_64-linux-gnu:/usr/lib/x86_64-linux-gnu:/usr/lib/jni:/lib:/usr/lib"/>
    <property name="java.vm.info" value="mixed mode, sharing"/>
    <property name="java.vendor" value="Ubuntu"/>
    <property name="java.vm.version" value="17.0.13+11-Ubuntu-2ubuntu122.04"/>
    <property name="java.specification.maintenance.version" value="1"/>
    <property name="sun.io.unicode.encoding" value="UnicodeLittle"/>
    <property name="java.class.version" value="61.0"/>
    <property name="LOGGED_APPLICATION_NAME" value="[CC3] "/>
  </properties>
  <testcase name="fullWorkflowTest" classname="com.component.checkout.AcceptanceTests" time="0.542">
    <system-out><![CDATA[2024-12-20T18:37:01.845+01:00  INFO 17282 --- [CC3] [           main] t.c.s.AnnotationConfigContextLoaderUtils : Could not detect default configuration classes for test class [com.component.checkout.AcceptanceTests]: AcceptanceTests does not declare any static, non-private, non-final, nested classes annotated with @Configuration.
2024-12-20T18:37:01.852+01:00  INFO 17282 --- [CC3] [           main] .b.t.c.SpringBootTestContextBootstrapper : Found @SpringBootConfiguration com.component.checkout.Cc3Application for test class com.component.checkout.AcceptanceTests
2024-12-20T18:37:01.859+01:00 DEBUG 17282 --- [CC3] [           main] org.hibernate.SQL                        : select r1_0.id,r1_0.name from role r1_0 where r1_0.name=?
Hibernate: select r1_0.id,r1_0.name from role r1_0 where r1_0.name=?
2024-12-20T18:37:02.050+01:00 DEBUG 17282 --- [CC3] [           main] org.hibernate.SQL                        : select count(*) from item i1_0
Hibernate: select count(*) from item i1_0
2024-12-20T18:37:02.051+01:00 DEBUG 17282 --- [CC3] [           main] org.hibernate.SQL                        : insert into item (name,normal_price,required_quantity_for_special_price,special_price,id) values (?,?,?,?,default)
Hibernate: insert into item (name,normal_price,required_quantity_for_special_price,special_price,id) values (?,?,?,?,default)
2024-12-20T18:37:02.053+01:00 DEBUG 17282 --- [CC3] [           main] org.hibernate.SQL                        : insert into item (name,normal_price,required_quantity_for_special_price,special_price,id) values (?,?,?,?,default)
Hibernate: insert into item (name,normal_price,required_quantity_for_special_price,special_price,id) values (?,?,?,?,default)
2024-12-20T18:37:02.054+01:00 DEBUG 17282 --- [CC3] [           main] org.hibernate.SQL                        : insert into item (name,normal_price,required_quantity_for_special_price,special_price,id) values (?,?,?,?,default)
Hibernate: insert into item (name,normal_price,required_quantity_for_special_price,special_price,id) values (?,?,?,?,default)
2024-12-20T18:37:02.056+01:00 DEBUG 17282 --- [CC3] [           main] org.hibernate.SQL                        : insert into item (name,normal_price,required_quantity_for_special_price,special_price,id) values (?,?,?,?,default)
Hibernate: insert into item (name,normal_price,required_quantity_for_special_price,special_price,id) values (?,?,?,?,default)
2024-12-20T18:37:02.060+01:00  INFO 17282 --- [CC3] [o-auto-1-exec-7] c.c.c.i.security.SecurityConfiguration   : Creating CORS configuration
2024-12-20T18:37:02.061+01:00  INFO 17282 --- [CC3] [o-auto-1-exec-7] c.c.c.p.controller.AuthController        : Received request to register new client with login: filip.2
2024-12-20T18:37:02.062+01:00 DEBUG 17282 --- [CC3] [o-auto-1-exec-7] org.hibernate.SQL                        : select u1_0.id from "user" u1_0 where u1_0.login=? fetch first ? rows only
Hibernate: select u1_0.id from "user" u1_0 where u1_0.login=? fetch first ? rows only
2024-12-20T18:37:02.064+01:00 DEBUG 17282 --- [CC3] [o-auto-1-exec-7] org.hibernate.SQL                        : select r1_0.id,r1_0.name from role r1_0 where r1_0.name=?
Hibernate: select r1_0.id,r1_0.name from role r1_0 where r1_0.name=?
2024-12-20T18:37:02.147+01:00 DEBUG 17282 --- [CC3] [o-auto-1-exec-7] org.hibernate.SQL                        : insert into "user" (login,password,id) values (?,?,default)
Hibernate: insert into "user" (login,password,id) values (?,?,default)
2024-12-20T18:37:02.148+01:00  INFO 17282 --- [CC3] [o-auto-1-exec-7] c.c.checkout.service.UserService         : User registered successfully with login: filip.2
2024-12-20T18:37:02.148+01:00 DEBUG 17282 --- [CC3] [o-auto-1-exec-7] org.hibernate.SQL                        : insert into user_role (user_id,role_id) values (?,?)
Hibernate: insert into user_role (user_id,role_id) values (?,?)
2024-12-20T18:37:02.158+01:00  INFO 17282 --- [CC3] [o-auto-1-exec-8] c.c.c.i.security.SecurityConfiguration   : Creating CORS configuration
2024-12-20T18:37:02.159+01:00  INFO 17282 --- [CC3] [o-auto-1-exec-8] c.c.c.p.controller.AuthController        : Received request to bring cart for user login: filip.2
2024-12-20T18:37:02.161+01:00 DEBUG 17282 --- [CC3] [o-auto-1-exec-8] org.hibernate.SQL                        : select u1_0.id,u1_0.login,u1_0.password from "user" u1_0 where u1_0.login=?
Hibernate: select u1_0.id,u1_0.login,u1_0.password from "user" u1_0 where u1_0.login=?
2024-12-20T18:37:02.163+01:00 DEBUG 17282 --- [CC3] [o-auto-1-exec-8] org.hibernate.SQL                        : select c1_0.id,c1_0.sum_of_discount,c1_0.total_bundle_discount,c1_0.total_bundle_promo_quantity,c1_0.total_price_with_discounts,c1_0.total_price_without_discounts,c1_0.user_id,u1_0.id,u1_0.login,u1_0.password,r1_0.user_id,r1_1.id,r1_1.name from cart c1_0 join "user" u1_0 on u1_0.id=c1_0.user_id left join user_role r1_0 on u1_0.id=r1_0.user_id left join role r1_1 on r1_1.id=r1_0.role_id where c1_0.user_id=?
Hibernate: select c1_0.id,c1_0.sum_of_discount,c1_0.total_bundle_discount,c1_0.total_bundle_promo_quantity,c1_0.total_price_with_discounts,c1_0.total_price_without_discounts,c1_0.user_id,u1_0.id,u1_0.login,u1_0.password,r1_0.user_id,r1_1.id,r1_1.name from cart c1_0 join "user" u1_0 on u1_0.id=c1_0.user_id left join user_role r1_0 on u1_0.id=r1_0.user_id left join role r1_1 on r1_1.id=r1_0.role_id where c1_0.user_id=?
2024-12-20T18:37:02.165+01:00 DEBUG 17282 --- [CC3] [o-auto-1-exec-8] org.hibernate.SQL                        : select r1_0.user_id,r1_1.id,r1_1.name from user_role r1_0 join role r1_1 on r1_1.id=r1_0.role_id where r1_0.user_id=?
Hibernate: select r1_0.user_id,r1_1.id,r1_1.name from user_role r1_0 join role r1_1 on r1_1.id=r1_0.role_id where r1_0.user_id=?
2024-12-20T18:37:02.243+01:00 DEBUG 17282 --- [CC3] [o-auto-1-exec-8] org.hibernate.SQL                        : select u1_0.id,u1_0.login,u1_0.password from "user" u1_0 where u1_0.login=?
Hibernate: select u1_0.id,u1_0.login,u1_0.password from "user" u1_0 where u1_0.login=?
2024-12-20T18:37:02.244+01:00  INFO 17282 --- [CC3] [o-auto-1-exec-8] c.c.checkout.service.UserService         : No cart found for user filip.2. Creating a new one.
2024-12-20T18:37:02.244+01:00 DEBUG 17282 --- [CC3] [o-auto-1-exec-8] org.hibernate.SQL                        : insert into cart (sum_of_discount,total_bundle_discount,total_bundle_promo_quantity,total_price_with_discounts,total_price_without_discounts,user_id,id) values (?,?,?,?,?,?,default)
Hibernate: insert into cart (sum_of_discount,total_bundle_discount,total_bundle_promo_quantity,total_price_with_discounts,total_price_without_discounts,user_id,id) values (?,?,?,?,?,?,default)
2024-12-20T18:37:02.245+01:00  INFO 17282 --- [CC3] [o-auto-1-exec-8] c.c.checkout.service.UserService         : User filip.2 logged in successfully
2024-12-20T18:37:02.264+01:00  INFO 17282 --- [CC3] [o-auto-1-exec-9] c.c.c.i.security.SecurityConfiguration   : Creating CORS configuration
2024-12-20T18:37:02.279+01:00 DEBUG 17282 --- [CC3] [o-auto-1-exec-9] org.hibernate.SQL                        : select u1_0.id,u1_0.login,u1_0.password from "user" u1_0 where u1_0.login=?
Hibernate: select u1_0.id,u1_0.login,u1_0.password from "user" u1_0 where u1_0.login=?
2024-12-20T18:37:02.279+01:00 DEBUG 17282 --- [CC3] [o-auto-1-exec-9] org.hibernate.SQL                        : select c1_0.id,c1_0.sum_of_discount,c1_0.total_bundle_discount,c1_0.total_bundle_promo_quantity,c1_0.total_price_with_discounts,c1_0.total_price_without_discounts,c1_0.user_id,u1_0.id,u1_0.login,u1_0.password,r1_0.user_id,r1_1.id,r1_1.name from cart c1_0 join "user" u1_0 on u1_0.id=c1_0.user_id left join user_role r1_0 on u1_0.id=r1_0.user_id left join role r1_1 on r1_1.id=r1_0.role_id where c1_0.user_id=?
Hibernate: select c1_0.id,c1_0.sum_of_discount,c1_0.total_bundle_discount,c1_0.total_bundle_promo_quantity,c1_0.total_price_with_discounts,c1_0.total_price_without_discounts,c1_0.user_id,u1_0.id,u1_0.login,u1_0.password,r1_0.user_id,r1_1.id,r1_1.name from cart c1_0 join "user" u1_0 on u1_0.id=c1_0.user_id left join user_role r1_0 on u1_0.id=r1_0.user_id left join role r1_1 on r1_1.id=r1_0.role_id where c1_0.user_id=?
2024-12-20T18:37:02.287+01:00  INFO 17282 --- [CC3] [o-auto-1-exec-9] c.c.c.p.controller.CartController        : Received request to add itemId=2 with quantity=5 to cart.
2024-12-20T18:37:02.288+01:00  INFO 17282 --- [CC3] [o-auto-1-exec-9] c.c.checkout.service.CartService         : Attempting to add 5 of itemId 2 to the client's cart.
2024-12-20T18:37:02.291+01:00 DEBUG 17282 --- [CC3] [o-auto-1-exec-9] org.hibernate.SQL                        : select u1_0.id,u1_0.login,u1_0.password from "user" u1_0 where u1_0.login=?
Hibernate: select u1_0.id,u1_0.login,u1_0.password from "user" u1_0 where u1_0.login=?
2024-12-20T18:37:02.291+01:00 DEBUG 17282 --- [CC3] [o-auto-1-exec-9] org.hibernate.SQL                        : select c1_0.id,c1_0.sum_of_discount,c1_0.total_bundle_discount,c1_0.total_bundle_promo_quantity,c1_0.total_price_with_discounts,c1_0.total_price_without_discounts,c1_0.user_id,u1_0.id,u1_0.login,u1_0.password,r1_0.user_id,r1_1.id,r1_1.name from cart c1_0 join "user" u1_0 on u1_0.id=c1_0.user_id left join user_role r1_0 on u1_0.id=r1_0.user_id left join role r1_1 on r1_1.id=r1_0.role_id where c1_0.user_id=?
Hibernate: select c1_0.id,c1_0.sum_of_discount,c1_0.total_bundle_discount,c1_0.total_bundle_promo_quantity,c1_0.total_price_with_discounts,c1_0.total_price_without_discounts,c1_0.user_id,u1_0.id,u1_0.login,u1_0.password,r1_0.user_id,r1_1.id,r1_1.name from cart c1_0 join "user" u1_0 on u1_0.id=c1_0.user_id left join user_role r1_0 on u1_0.id=r1_0.user_id left join role r1_1 on r1_1.id=r1_0.role_id where c1_0.user_id=?
2024-12-20T18:37:02.296+01:00 DEBUG 17282 --- [CC3] [o-auto-1-exec-9] org.hibernate.SQL                        : select i1_0.id,i1_0.name,i1_0.normal_price,i1_0.required_quantity_for_special_price,i1_0.special_price from item i1_0 where i1_0.id=?
Hibernate: select i1_0.id,i1_0.name,i1_0.normal_price,i1_0.required_quantity_for_special_price,i1_0.special_price from item i1_0 where i1_0.id=?
2024-12-20T18:37:02.298+01:00 DEBUG 17282 --- [CC3] [o-auto-1-exec-9] org.hibernate.SQL                        : select ci1_0.cart_id,ci1_0.id,ci1_0.item_id,i1_0.id,i1_0.name,i1_0.normal_price,i1_0.required_quantity_for_special_price,i1_0.special_price,ci1_0.quantity,ci1_0.quantity_normal_price,ci1_0.quantity_special_price,ci1_0.single_normal_price,ci1_0.single_special_price from cart_item ci1_0 left join item i1_0 on i1_0.id=ci1_0.item_id where ci1_0.cart_id=?
Hibernate: select ci1_0.cart_id,ci1_0.id,ci1_0.item_id,i1_0.id,i1_0.name,i1_0.normal_price,i1_0.required_quantity_for_special_price,i1_0.special_price,ci1_0.quantity,ci1_0.quantity_normal_price,ci1_0.quantity_special_price,ci1_0.single_normal_price,ci1_0.single_special_price from cart_item ci1_0 left join item i1_0 on i1_0.id=ci1_0.item_id where ci1_0.cart_id=?
2024-12-20T18:37:02.300+01:00  INFO 17282 --- [CC3] [o-auto-1-exec-9] c.c.checkout.service.CartService         : Recalculating cart totals.
2024-12-20T18:37:02.301+01:00 DEBUG 17282 --- [CC3] [o-auto-1-exec-9] org.hibernate.SQL                        : select bd1_0.primary_item_id,bd1_0.id,bd1_0.bundled_item_id,bi1_0.id,bi1_0.name,bi1_0.normal_price,bi1_0.required_quantity_for_special_price,bi1_0.special_price,bd1_0.discount from bundle_discount bd1_0 left join item bi1_0 on bi1_0.id=bd1_0.bundled_item_id where bd1_0.primary_item_id=?
Hibernate: select bd1_0.primary_item_id,bd1_0.id,bd1_0.bundled_item_id,bi1_0.id,bi1_0.name,bi1_0.normal_price,bi1_0.required_quantity_for_special_price,bi1_0.special_price,bd1_0.discount from bundle_discount bd1_0 left join item bi1_0 on bi1_0.id=bd1_0.bundled_item_id where bd1_0.primary_item_id=?
2024-12-20T18:37:02.305+01:00 DEBUG 17282 --- [CC3] [o-auto-1-exec-9] org.hibernate.SQL                        : insert into cart_item (cart_id,item_id,quantity,quantity_normal_price,quantity_special_price,single_normal_price,single_special_price,id) values (?,?,?,?,?,?,?,default)
Hibernate: insert into cart_item (cart_id,item_id,quantity,quantity_normal_price,quantity_special_price,single_normal_price,single_special_price,id) values (?,?,?,?,?,?,?,default)
2024-12-20T18:37:02.307+01:00  INFO 17282 --- [CC3] [o-auto-1-exec-9] c.c.checkout.service.CartService         : Item(s) added successfully to the cart for user: filip.2
2024-12-20T18:37:02.312+01:00 DEBUG 17282 --- [CC3] [o-auto-1-exec-9] org.hibernate.SQL                        : update cart set sum_of_discount=?,total_bundle_discount=?,total_bundle_promo_quantity=?,total_price_with_discounts=?,total_price_without_discounts=?,user_id=? where id=?
Hibernate: update cart set sum_of_discount=?,total_bundle_discount=?,total_bundle_promo_quantity=?,total_price_with_discounts=?,total_price_without_discounts=?,user_id=? where id=?
2024-12-20T18:37:02.333+01:00  INFO 17282 --- [CC3] [-auto-1-exec-10] c.c.c.i.security.SecurityConfiguration   : Creating CORS configuration
2024-12-20T18:37:02.339+01:00 DEBUG 17282 --- [CC3] [-auto-1-exec-10] org.hibernate.SQL                        : select u1_0.id,u1_0.login,u1_0.password from "user" u1_0 where u1_0.login=?
Hibernate: select u1_0.id,u1_0.login,u1_0.password from "user" u1_0 where u1_0.login=?
2024-12-20T18:37:02.340+01:00 DEBUG 17282 --- [CC3] [-auto-1-exec-10] org.hibernate.SQL                        : select c1_0.id,c1_0.sum_of_discount,c1_0.total_bundle_discount,c1_0.total_bundle_promo_quantity,c1_0.total_price_with_discounts,c1_0.total_price_without_discounts,c1_0.user_id,u1_0.id,u1_0.login,u1_0.password,r1_0.user_id,r1_1.id,r1_1.name from cart c1_0 join "user" u1_0 on u1_0.id=c1_0.user_id left join user_role r1_0 on u1_0.id=r1_0.user_id left join role r1_1 on r1_1.id=r1_0.role_id where c1_0.user_id=?
Hibernate: select c1_0.id,c1_0.sum_of_discount,c1_0.total_bundle_discount,c1_0.total_bundle_promo_quantity,c1_0.total_price_with_discounts,c1_0.total_price_without_discounts,c1_0.user_id,u1_0.id,u1_0.login,u1_0.password,r1_0.user_id,r1_1.id,r1_1.name from cart c1_0 join "user" u1_0 on u1_0.id=c1_0.user_id left join user_role r1_0 on u1_0.id=r1_0.user_id left join role r1_1 on r1_1.id=r1_0.role_id where c1_0.user_id=?
2024-12-20T18:37:02.343+01:00  INFO 17282 --- [CC3] [-auto-1-exec-10] c.c.c.p.controller.CartController        : Received request to add itemId=2 with quantity=5 to cart.
2024-12-20T18:37:02.343+01:00  INFO 17282 --- [CC3] [-auto-1-exec-10] c.c.checkout.service.CartService         : Attempting to add 5 of itemId 2 to the client's cart.
2024-12-20T18:37:02.347+01:00 DEBUG 17282 --- [CC3] [-auto-1-exec-10] org.hibernate.SQL                        : select u1_0.id,u1_0.login,u1_0.password from "user" u1_0 where u1_0.login=?
Hibernate: select u1_0.id,u1_0.login,u1_0.password from "user" u1_0 where u1_0.login=?
2024-12-20T18:37:02.347+01:00 DEBUG 17282 --- [CC3] [-auto-1-exec-10] org.hibernate.SQL                        : select c1_0.id,c1_0.sum_of_discount,c1_0.total_bundle_discount,c1_0.total_bundle_promo_quantity,c1_0.total_price_with_discounts,c1_0.total_price_without_discounts,c1_0.user_id,u1_0.id,u1_0.login,u1_0.password,r1_0.user_id,r1_1.id,r1_1.name from cart c1_0 join "user" u1_0 on u1_0.id=c1_0.user_id left join user_role r1_0 on u1_0.id=r1_0.user_id left join role r1_1 on r1_1.id=r1_0.role_id where c1_0.user_id=?
Hibernate: select c1_0.id,c1_0.sum_of_discount,c1_0.total_bundle_discount,c1_0.total_bundle_promo_quantity,c1_0.total_price_with_discounts,c1_0.total_price_without_discounts,c1_0.user_id,u1_0.id,u1_0.login,u1_0.password,r1_0.user_id,r1_1.id,r1_1.name from cart c1_0 join "user" u1_0 on u1_0.id=c1_0.user_id left join user_role r1_0 on u1_0.id=r1_0.user_id left join role r1_1 on r1_1.id=r1_0.role_id where c1_0.user_id=?
2024-12-20T18:37:02.348+01:00 DEBUG 17282 --- [CC3] [-auto-1-exec-10] org.hibernate.SQL                        : select i1_0.id,i1_0.name,i1_0.normal_price,i1_0.required_quantity_for_special_price,i1_0.special_price from item i1_0 where i1_0.id=?
Hibernate: select i1_0.id,i1_0.name,i1_0.normal_price,i1_0.required_quantity_for_special_price,i1_0.special_price from item i1_0 where i1_0.id=?
2024-12-20T18:37:02.349+01:00 DEBUG 17282 --- [CC3] [-auto-1-exec-10] org.hibernate.SQL                        : select ci1_0.cart_id,ci1_0.id,ci1_0.item_id,i1_0.id,i1_0.name,i1_0.normal_price,i1_0.required_quantity_for_special_price,i1_0.special_price,ci1_0.quantity,ci1_0.quantity_normal_price,ci1_0.quantity_special_price,ci1_0.single_normal_price,ci1_0.single_special_price from cart_item ci1_0 left join item i1_0 on i1_0.id=ci1_0.item_id where ci1_0.cart_id=?
Hibernate: select ci1_0.cart_id,ci1_0.id,ci1_0.item_id,i1_0.id,i1_0.name,i1_0.normal_price,i1_0.required_quantity_for_special_price,i1_0.special_price,ci1_0.quantity,ci1_0.quantity_normal_price,ci1_0.quantity_special_price,ci1_0.single_normal_price,ci1_0.single_special_price from cart_item ci1_0 left join item i1_0 on i1_0.id=ci1_0.item_id where ci1_0.cart_id=?
2024-12-20T18:37:02.349+01:00  INFO 17282 --- [CC3] [-auto-1-exec-10] c.c.checkout.service.CartService         : Recalculating cart totals.
2024-12-20T18:37:02.350+01:00 DEBUG 17282 --- [CC3] [-auto-1-exec-10] org.hibernate.SQL                        : select bd1_0.primary_item_id,bd1_0.id,bd1_0.bundled_item_id,bi1_0.id,bi1_0.name,bi1_0.normal_price,bi1_0.required_quantity_for_special_price,bi1_0.special_price,bd1_0.discount from bundle_discount bd1_0 left join item bi1_0 on bi1_0.id=bd1_0.bundled_item_id where bd1_0.primary_item_id=?
Hibernate: select bd1_0.primary_item_id,bd1_0.id,bd1_0.bundled_item_id,bi1_0.id,bi1_0.name,bi1_0.normal_price,bi1_0.required_quantity_for_special_price,bi1_0.special_price,bd1_0.discount from bundle_discount bd1_0 left join item bi1_0 on bi1_0.id=bd1_0.bundled_item_id where bd1_0.primary_item_id=?
2024-12-20T18:37:02.350+01:00  INFO 17282 --- [CC3] [-auto-1-exec-10] c.c.checkout.service.CartService         : Item(s) added successfully to the cart for user: filip.2
2024-12-20T18:37:02.351+01:00 DEBUG 17282 --- [CC3] [-auto-1-exec-10] org.hibernate.SQL                        : update cart set sum_of_discount=?,total_bundle_discount=?,total_bundle_promo_quantity=?,total_price_with_discounts=?,total_price_without_discounts=?,user_id=? where id=?
Hibernate: update cart set sum_of_discount=?,total_bundle_discount=?,total_bundle_promo_quantity=?,total_price_with_discounts=?,total_price_without_discounts=?,user_id=? where id=?
2024-12-20T18:37:02.352+01:00 DEBUG 17282 --- [CC3] [-auto-1-exec-10] org.hibernate.SQL                        : update cart_item set cart_id=?,item_id=?,quantity=?,quantity_normal_price=?,quantity_special_price=?,single_normal_price=?,single_special_price=? where id=?
Hibernate: update cart_item set cart_id=?,item_id=?,quantity=?,quantity_normal_price=?,quantity_special_price=?,single_normal_price=?,single_special_price=? where id=?
2024-12-20T18:37:02.370+01:00  INFO 17282 --- [CC3] [o-auto-1-exec-1] c.c.c.i.security.SecurityConfiguration   : Creating CORS configuration
2024-12-20T18:37:02.374+01:00 DEBUG 17282 --- [CC3] [o-auto-1-exec-1] org.hibernate.SQL                        : select u1_0.id,u1_0.login,u1_0.password from "user" u1_0 where u1_0.login=?
Hibernate: select u1_0.id,u1_0.login,u1_0.password from "user" u1_0 where u1_0.login=?
2024-12-20T18:37:02.374+01:00 DEBUG 17282 --- [CC3] [o-auto-1-exec-1] org.hibernate.SQL                        : select c1_0.id,c1_0.sum_of_discount,c1_0.total_bundle_discount,c1_0.total_bundle_promo_quantity,c1_0.total_price_with_discounts,c1_0.total_price_without_discounts,c1_0.user_id,u1_0.id,u1_0.login,u1_0.password,r1_0.user_id,r1_1.id,r1_1.name from cart c1_0 join "user" u1_0 on u1_0.id=c1_0.user_id left join user_role r1_0 on u1_0.id=r1_0.user_id left join role r1_1 on r1_1.id=r1_0.role_id where c1_0.user_id=?
Hibernate: select c1_0.id,c1_0.sum_of_discount,c1_0.total_bundle_discount,c1_0.total_bundle_promo_quantity,c1_0.total_price_with_discounts,c1_0.total_price_without_discounts,c1_0.user_id,u1_0.id,u1_0.login,u1_0.password,r1_0.user_id,r1_1.id,r1_1.name from cart c1_0 join "user" u1_0 on u1_0.id=c1_0.user_id left join user_role r1_0 on u1_0.id=r1_0.user_id left join role r1_1 on r1_1.id=r1_0.role_id where c1_0.user_id=?
2024-12-20T18:37:02.376+01:00  INFO 17282 --- [CC3] [o-auto-1-exec-1] c.c.checkout.service.CartService         : Attempting to finalize purchase.
2024-12-20T18:37:02.379+01:00 DEBUG 17282 --- [CC3] [o-auto-1-exec-1] org.hibernate.SQL                        : select u1_0.id,u1_0.login,u1_0.password from "user" u1_0 where u1_0.login=?
Hibernate: select u1_0.id,u1_0.login,u1_0.password from "user" u1_0 where u1_0.login=?
2024-12-20T18:37:02.379+01:00 DEBUG 17282 --- [CC3] [o-auto-1-exec-1] org.hibernate.SQL                        : select c1_0.id,c1_0.sum_of_discount,c1_0.total_bundle_discount,c1_0.total_bundle_promo_quantity,c1_0.total_price_with_discounts,c1_0.total_price_without_discounts,c1_0.user_id,u1_0.id,u1_0.login,u1_0.password,r1_0.user_id,r1_1.id,r1_1.name from cart c1_0 join "user" u1_0 on u1_0.id=c1_0.user_id left join user_role r1_0 on u1_0.id=r1_0.user_id left join role r1_1 on r1_1.id=r1_0.role_id where c1_0.user_id=?
Hibernate: select c1_0.id,c1_0.sum_of_discount,c1_0.total_bundle_discount,c1_0.total_bundle_promo_quantity,c1_0.total_price_with_discounts,c1_0.total_price_without_discounts,c1_0.user_id,u1_0.id,u1_0.login,u1_0.password,r1_0.user_id,r1_1.id,r1_1.name from cart c1_0 join "user" u1_0 on u1_0.id=c1_0.user_id left join user_role r1_0 on u1_0.id=r1_0.user_id left join role r1_1 on r1_1.id=r1_0.role_id where c1_0.user_id=?
2024-12-20T18:37:02.380+01:00 DEBUG 17282 --- [CC3] [o-auto-1-exec-1] org.hibernate.SQL                        : select ci1_0.cart_id,ci1_0.id,ci1_0.item_id,i1_0.id,i1_0.name,i1_0.normal_price,i1_0.required_quantity_for_special_price,i1_0.special_price,ci1_0.quantity,ci1_0.quantity_normal_price,ci1_0.quantity_special_price,ci1_0.single_normal_price,ci1_0.single_special_price from cart_item ci1_0 left join item i1_0 on i1_0.id=ci1_0.item_id where ci1_0.cart_id=?
Hibernate: select ci1_0.cart_id,ci1_0.id,ci1_0.item_id,i1_0.id,i1_0.name,i1_0.normal_price,i1_0.required_quantity_for_special_price,i1_0.special_price,ci1_0.quantity,ci1_0.quantity_normal_price,ci1_0.quantity_special_price,ci1_0.single_normal_price,ci1_0.single_special_price from cart_item ci1_0 left join item i1_0 on i1_0.id=ci1_0.item_id where ci1_0.cart_id=?
2024-12-20T18:37:02.381+01:00  INFO 17282 --- [CC3] [o-auto-1-exec-1] c.c.checkout.service.CartService         : Recalculating cart totals.
2024-12-20T18:37:02.381+01:00 DEBUG 17282 --- [CC3] [o-auto-1-exec-1] org.hibernate.SQL                        : select bd1_0.primary_item_id,bd1_0.id,bd1_0.bundled_item_id,bi1_0.id,bi1_0.name,bi1_0.normal_price,bi1_0.required_quantity_for_special_price,bi1_0.special_price,bd1_0.discount from bundle_discount bd1_0 left join item bi1_0 on bi1_0.id=bd1_0.bundled_item_id where bd1_0.primary_item_id=?
Hibernate: select bd1_0.primary_item_id,bd1_0.id,bd1_0.bundled_item_id,bi1_0.id,bi1_0.name,bi1_0.normal_price,bi1_0.required_quantity_for_special_price,bi1_0.special_price,bd1_0.discount from bundle_discount bd1_0 left join item bi1_0 on bi1_0.id=bd1_0.bundled_item_id where bd1_0.primary_item_id=?
2024-12-20T18:37:02.382+01:00 DEBUG 17282 --- [CC3] [o-auto-1-exec-1] org.hibernate.SQL                        : insert into receipt (issued_at,total_amount,id) values (?,?,default)
Hibernate: insert into receipt (issued_at,total_amount,id) values (?,?,default)
2024-12-20T18:37:02.384+01:00  INFO 17282 --- [CC3] [o-auto-1-exec-1] c.c.checkout.service.CartService         : Resetting cart after successful purchase.
2024-12-20T18:37:02.385+01:00  INFO 17282 --- [CC3] [o-auto-1-exec-1] c.c.checkout.service.CartService         : Purchase finalized successfully for user: filip.2
2024-12-20T18:37:02.387+01:00 DEBUG 17282 --- [CC3] [o-auto-1-exec-1] org.hibernate.SQL                        : update cart set sum_of_discount=?,total_bundle_discount=?,total_bundle_promo_quantity=?,total_price_with_discounts=?,total_price_without_discounts=?,user_id=? where id=?
Hibernate: update cart set sum_of_discount=?,total_bundle_discount=?,total_bundle_promo_quantity=?,total_price_with_discounts=?,total_price_without_discounts=?,user_id=? where id=?
2024-12-20T18:37:02.388+01:00 DEBUG 17282 --- [CC3] [o-auto-1-exec-1] org.hibernate.SQL                        : update cart_item set cart_id=?,item_id=?,quantity=?,quantity_normal_price=?,quantity_special_price=?,single_normal_price=?,single_special_price=? where id=?
Hibernate: update cart_item set cart_id=?,item_id=?,quantity=?,quantity_normal_price=?,quantity_special_price=?,single_normal_price=?,single_special_price=? where id=?
2024-12-20T18:37:02.389+01:00 DEBUG 17282 --- [CC3] [o-auto-1-exec-1] org.hibernate.SQL                        : insert into receipt_purchased_items (receipt_id,cart_item_id) values (?,?)
Hibernate: insert into receipt_purchased_items (receipt_id,cart_item_id) values (?,?)
]]></system-out>
  </testcase>
</testsuite>