<?xml version="1.0" encoding="UTF-8"?>
<testsuite xmlns:xsi="http://www.w3.org/2001/XMLSchema-instance" xsi:noNamespaceSchemaLocation="https://maven.apache.org/surefire/maven-surefire-plugin/xsd/surefire-test-report.xsd" version="3.0.2" name="com.component.checkout.infrastructure.repository.UserRepositoryTest" time="1.182" tests="1" errors="0" skipped="0" failures="0">
  <properties>
    <property name="java.specification.version" value="17"/>
    <property name="sun.jnu.encoding" value="UTF-8"/>
    <property name="java.class.path" value="/home/cyboran/Pulpit/checkout-component-3.0/target/test-classes:/home/cyboran/Pulpit/checkout-component-3.0/target/classes:/home/cyboran/.m2/repository/org/springframework/boot/spring-boot-starter-data-jpa/3.4.0/spring-boot-starter-data-jpa-3.4.0.jar:/home/cyboran/.m2/repository/org/springframework/boot/spring-boot-starter/3.4.0/spring-boot-starter-3.4.0.jar:/home/cyboran/.m2/repository/org/springframework/boot/spring-boot-starter-logging/3.4.0/spring-boot-starter-logging-3.4.0.jar:/home/cyboran/.m2/repository/ch/qos/logback/logback-classic/1.5.12/logback-classic-1.5.12.jar:/home/cyboran/.m2/repository/ch/qos/logback/logback-core/1.5.12/logback-core-1.5.12.jar:/home/cyboran/.m2/repository/org/apache/logging/log4j/log4j-to-slf4j/2.24.1/log4j-to-slf4j-2.24.1.jar:/home/cyboran/.m2/repository/org/apache/logging/log4j/log4j-api/2.24.1/log4j-api-2.24.1.jar:/home/cyboran/.m2/repository/org/slf4j/jul-to-slf4j/2.0.16/jul-to-slf4j-2.0.16.jar:/home/cyboran/.m2/repository/jakarta/annotation/jakarta.annotation-api/2.1.1/jakarta.annotation-api-2.1.1.jar:/home/cyboran/.m2/repository/org/springframework/boot/spring-boot-starter-jdbc/3.4.0/spring-boot-starter-jdbc-3.4.0.jar:/home/cyboran/.m2/repository/com/zaxxer/HikariCP/5.1.0/HikariCP-5.1.0.jar:/home/cyboran/.m2/repository/org/springframework/spring-jdbc/6.2.0/spring-jdbc-6.2.0.jar:/home/cyboran/.m2/repository/org/hibernate/orm/hibernate-core/6.6.2.Final/hibernate-core-6.6.2.Final.jar:/home/cyboran/.m2/repository/jakarta/persistence/jakarta.persistence-api/3.1.0/jakarta.persistence-api-3.1.0.jar:/home/cyboran/.m2/repository/jakarta/transaction/jakarta.transaction-api/2.0.1/jakarta.transaction-api-2.0.1.jar:/home/cyboran/.m2/repository/org/jboss/logging/jboss-logging/3.6.1.Final/jboss-logging-3.6.1.Final.jar:/home/cyboran/.m2/repository/org/hibernate/common/hibernate-commons-annotations/7.0.3.Final/hibernate-commons-annotations-7.0.3.Final.jar:/home/cyboran/.m2/repository/io/smallrye/jandex/3.2.0/jandex-3.2.0.jar:/home/cyboran/.m2/repository/com/fasterxml/classmate/1.7.0/classmate-1.7.0.jar:/home/cyboran/.m2/repository/net/bytebuddy/byte-buddy/1.15.10/byte-buddy-1.15.10.jar:/home/cyboran/.m2/repository/org/glassfish/jaxb/jaxb-runtime/4.0.5/jaxb-runtime-4.0.5.jar:/home/cyboran/.m2/repository/org/glassfish/jaxb/jaxb-core/4.0.5/jaxb-core-4.0.5.jar:/home/cyboran/.m2/repository/org/eclipse/angus/angus-activation/2.0.2/angus-activation-2.0.2.jar:/home/cyboran/.m2/repository/org/glassfish/jaxb/txw2/4.0.5/txw2-4.0.5.jar:/home/cyboran/.m2/repository/com/sun/istack/istack-commons-runtime/4.1.2/istack-commons-runtime-4.1.2.jar:/home/cyboran/.m2/repository/jakarta/inject/jakarta.inject-api/2.0.1/jakarta.inject-api-2.0.1.jar:/home/cyboran/.m2/repository/org/antlr/antlr4-runtime/4.13.0/antlr4-runtime-4.13.0.jar:/home/cyboran/.m2/repository/org/springframework/data/spring-data-jpa/3.4.0/spring-data-jpa-3.4.0.jar:/home/cyboran/.m2/repository/org/springframework/data/spring-data-commons/3.4.0/spring-data-commons-3.4.0.jar:/home/cyboran/.m2/repository/org/springframework/spring-orm/6.2.0/spring-orm-6.2.0.jar:/home/cyboran/.m2/repository/org/springframework/spring-context/6.2.0/spring-context-6.2.0.jar:/home/cyboran/.m2/repository/org/springframework/spring-tx/6.2.0/spring-tx-6.2.0.jar:/home/cyboran/.m2/repository/org/springframework/spring-beans/6.2.0/spring-beans-6.2.0.jar:/home/cyboran/.m2/repository/org/slf4j/slf4j-api/2.0.16/slf4j-api-2.0.16.jar:/home/cyboran/.m2/repository/org/springframework/spring-aspects/6.2.0/spring-aspects-6.2.0.jar:/home/cyboran/.m2/repository/org/aspectj/aspectjweaver/1.9.22.1/aspectjweaver-1.9.22.1.jar:/home/cyboran/.m2/repository/org/springframework/boot/spring-boot-starter-security/3.4.0/spring-boot-starter-security-3.4.0.jar:/home/cyboran/.m2/repository/org/springframework/spring-aop/6.2.0/spring-aop-6.2.0.jar:/home/cyboran/.m2/repository/org/springframework/security/spring-security-config/6.4.1/spring-security-config-6.4.1.jar:/home/cyboran/.m2/repository/org/springframework/security/spring-security-web/6.4.1/spring-security-web-6.4.1.jar:/home/cyboran/.m2/repository/org/springframework/spring-expression/6.2.0/spring-expression-6.2.0.jar:/home/cyboran/.m2/repository/org/springframework/boot/spring-boot-starter-web/3.4.0/spring-boot-starter-web-3.4.0.jar:/home/cyboran/.m2/repository/org/springframework/boot/spring-boot-starter-json/3.4.0/spring-boot-starter-json-3.4.0.jar:/home/cyboran/.m2/repository/com/fasterxml/jackson/datatype/jackson-datatype-jdk8/2.18.1/jackson-datatype-jdk8-2.18.1.jar:/home/cyboran/.m2/repository/com/fasterxml/jackson/datatype/jackson-datatype-jsr310/2.18.1/jackson-datatype-jsr310-2.18.1.jar:/home/cyboran/.m2/repository/com/fasterxml/jackson/module/jackson-module-parameter-names/2.18.1/jackson-module-parameter-names-2.18.1.jar:/home/cyboran/.m2/repository/org/springframework/boot/spring-boot-starter-tomcat/3.4.0/spring-boot-starter-tomcat-3.4.0.jar:/home/cyboran/.m2/repository/org/apache/tomcat/embed/tomcat-embed-core/10.1.33/tomcat-embed-core-10.1.33.jar:/home/cyboran/.m2/repository/org/apache/tomcat/embed/tomcat-embed-websocket/10.1.33/tomcat-embed-websocket-10.1.33.jar:/home/cyboran/.m2/repository/org/springframework/spring-web/6.2.0/spring-web-6.2.0.jar:/home/cyboran/.m2/repository/io/micrometer/micrometer-observation/1.14.1/micrometer-observation-1.14.1.jar:/home/cyboran/.m2/repository/io/micrometer/micrometer-commons/1.14.1/micrometer-commons-1.14.1.jar:/home/cyboran/.m2/repository/org/springframework/spring-webmvc/6.2.0/spring-webmvc-6.2.0.jar:/home/cyboran/.m2/repository/org/springframework/boot/spring-boot-devtools/3.4.0/spring-boot-devtools-3.4.0.jar:/home/cyboran/.m2/repository/org/springframework/boot/spring-boot/3.4.0/spring-boot-3.4.0.jar:/home/cyboran/.m2/repository/org/springframework/boot/spring-boot-autoconfigure/3.4.0/spring-boot-autoconfigure-3.4.0.jar:/home/cyboran/.m2/repository/com/mysql/mysql-connector-j/9.1.0/mysql-connector-j-9.1.0.jar:/home/cyboran/.m2/repository/org/springframework/boot/spring-boot-starter-test/3.4.0/spring-boot-starter-test-3.4.0.jar:/home/cyboran/.m2/repository/org/springframework/boot/spring-boot-test/3.4.0/spring-boot-test-3.4.0.jar:/home/cyboran/.m2/repository/org/springframework/boot/spring-boot-test-autoconfigure/3.4.0/spring-boot-test-autoconfigure-3.4.0.jar:/home/cyboran/.m2/repository/com/jayway/jsonpath/json-path/2.9.0/json-path-2.9.0.jar:/home/cyboran/.m2/repository/jakarta/xml/bind/jakarta.xml.bind-api/4.0.2/jakarta.xml.bind-api-4.0.2.jar:/home/cyboran/.m2/repository/jakarta/activation/jakarta.activation-api/2.1.3/jakarta.activation-api-2.1.3.jar:/home/cyboran/.m2/repository/net/minidev/json-smart/2.5.1/json-smart-2.5.1.jar:/home/cyboran/.m2/repository/net/minidev/accessors-smart/2.5.1/accessors-smart-2.5.1.jar:/home/cyboran/.m2/repository/org/ow2/asm/asm/9.6/asm-9.6.jar:/home/cyboran/.m2/repository/org/assertj/assertj-core/3.26.3/assertj-core-3.26.3.jar:/home/cyboran/.m2/repository/org/awaitility/awaitility/4.2.2/awaitility-4.2.2.jar:/home/cyboran/.m2/repository/org/hamcrest/hamcrest/2.2/hamcrest-2.2.jar:/home/cyboran/.m2/repository/org/junit/jupiter/junit-jupiter/5.11.3/junit-jupiter-5.11.3.jar:/home/cyboran/.m2/repository/org/junit/jupiter/junit-jupiter-api/5.11.3/junit-jupiter-api-5.11.3.jar:/home/cyboran/.m2/repository/org/opentest4j/opentest4j/1.3.0/opentest4j-1.3.0.jar:/home/cyboran/.m2/repository/org/junit/platform/junit-platform-commons/1.11.3/junit-platform-commons-1.11.3.jar:/home/cyboran/.m2/repository/org/apiguardian/apiguardian-api/1.1.2/apiguardian-api-1.1.2.jar:/home/cyboran/.m2/repository/org/junit/jupiter/junit-jupiter-params/5.11.3/junit-jupiter-params-5.11.3.jar:/home/cyboran/.m2/repository/org/junit/jupiter/junit-jupiter-engine/5.11.3/junit-jupiter-engine-5.11.3.jar:/home/cyboran/.m2/repository/org/junit/platform/junit-platform-engine/1.11.3/junit-platform-engine-1.11.3.jar:/home/cyboran/.m2/repository/org/mockito/mockito-core/5.14.2/mockito-core-5.14.2.jar:/home/cyboran/.m2/repository/net/bytebuddy/byte-buddy-agent/1.15.10/byte-buddy-agent-1.15.10.jar:/home/cyboran/.m2/repository/org/objenesis/objenesis/3.3/objenesis-3.3.jar:/home/cyboran/.m2/repository/org/mockito/mockito-junit-jupiter/5.14.2/mockito-junit-jupiter-5.14.2.jar:/home/cyboran/.m2/repository/org/skyscreamer/jsonassert/1.5.3/jsonassert-1.5.3.jar:/home/cyboran/.m2/repository/com/vaadin/external/google/android-json/0.0.20131108.vaadin1/android-json-0.0.20131108.vaadin1.jar:/home/cyboran/.m2/repository/org/springframework/spring-core/6.2.0/spring-core-6.2.0.jar:/home/cyboran/.m2/repository/org/springframework/spring-jcl/6.2.0/spring-jcl-6.2.0.jar:/home/cyboran/.m2/repository/org/springframework/spring-test/6.2.0/spring-test-6.2.0.jar:/home/cyboran/.m2/repository/org/xmlunit/xmlunit-core/2.10.0/xmlunit-core-2.10.0.jar:/home/cyboran/.m2/repository/org/springframework/security/spring-security-test/6.4.1/spring-security-test-6.4.1.jar:/home/cyboran/.m2/repository/org/springframework/security/spring-security-core/6.4.1/spring-security-core-6.4.1.jar:/home/cyboran/.m2/repository/org/springframework/security/spring-security-crypto/6.4.1/spring-security-crypto-6.4.1.jar:/home/cyboran/.m2/repository/com/h2database/h2/2.3.232/h2-2.3.232.jar:/home/cyboran/.m2/repository/io/jsonwebtoken/jjwt-api/0.11.5/jjwt-api-0.11.5.jar:/home/cyboran/.m2/repository/io/jsonwebtoken/jjwt-impl/0.11.5/jjwt-impl-0.11.5.jar:/home/cyboran/.m2/repository/io/jsonwebtoken/jjwt-jackson/0.11.5/jjwt-jackson-0.11.5.jar:/home/cyboran/.m2/repository/com/fasterxml/jackson/core/jackson-databind/2.18.1/jackson-databind-2.18.1.jar:/home/cyboran/.m2/repository/com/fasterxml/jackson/core/jackson-annotations/2.18.1/jackson-annotations-2.18.1.jar:/home/cyboran/.m2/repository/com/fasterxml/jackson/core/jackson-core/2.18.1/jackson-core-2.18.1.jar:/home/cyboran/.m2/repository/org/springframework/boot/spring-boot-starter-validation/3.4.0/spring-boot-starter-validation-3.4.0.jar:/home/cyboran/.m2/repository/org/apache/tomcat/embed/tomcat-embed-el/10.1.33/tomcat-embed-el-10.1.33.jar:/home/cyboran/.m2/repository/org/hibernate/validator/hibernate-validator/8.0.1.Final/hibernate-validator-8.0.1.Final.jar:/home/cyboran/.m2/repository/jakarta/validation/jakarta.validation-api/3.0.2/jakarta.validation-api-3.0.2.jar:/home/cyboran/.m2/repository/org/liquibase/liquibase-core/4.29.2/liquibase-core-4.29.2.jar:/home/cyboran/.m2/repository/com/opencsv/opencsv/5.9/opencsv-5.9.jar:/home/cyboran/.m2/repository/org/yaml/snakeyaml/2.3/snakeyaml-2.3.jar:/home/cyboran/.m2/repository/javax/xml/bind/jaxb-api/2.3.1/jaxb-api-2.3.1.jar:/home/cyboran/.m2/repository/commons-io/commons-io/2.16.1/commons-io-2.16.1.jar:/home/cyboran/.m2/repository/org/apache/commons/commons-collections4/4.4/commons-collections4-4.4.jar:/home/cyboran/.m2/repository/org/apache/commons/commons-text/1.12.0/commons-text-1.12.0.jar:/home/cyboran/.m2/repository/org/apache/commons/commons-lang3/3.17.0/commons-lang3-3.17.0.jar:/home/cyboran/.m2/repository/org/springdoc/springdoc-openapi-starter-webmvc-ui/2.7.0/springdoc-openapi-starter-webmvc-ui-2.7.0.jar:/home/cyboran/.m2/repository/org/springdoc/springdoc-openapi-starter-webmvc-api/2.7.0/springdoc-openapi-starter-webmvc-api-2.7.0.jar:/home/cyboran/.m2/repository/org/springdoc/springdoc-openapi-starter-common/2.7.0/springdoc-openapi-starter-common-2.7.0.jar:/home/cyboran/.m2/repository/io/swagger/core/v3/swagger-core-jakarta/2.2.25/swagger-core-jakarta-2.2.25.jar:/home/cyboran/.m2/repository/io/swagger/core/v3/swagger-annotations-jakarta/2.2.25/swagger-annotations-jakarta-2.2.25.jar:/home/cyboran/.m2/repository/io/swagger/core/v3/swagger-models-jakarta/2.2.25/swagger-models-jakarta-2.2.25.jar:/home/cyboran/.m2/repository/com/fasterxml/jackson/dataformat/jackson-dataformat-yaml/2.18.1/jackson-dataformat-yaml-2.18.1.jar:/home/cyboran/.m2/repository/org/webjars/swagger-ui/5.18.2/swagger-ui-5.18.2.jar:/home/cyboran/.m2/repository/org/webjars/webjars-locator-lite/1.0.1/webjars-locator-lite-1.0.1.jar:/home/cyboran/.m2/repository/org/jspecify/jspecify/1.0.0/jspecify-1.0.0.jar:"/>
    <property name="java.vm.vendor" value="Ubuntu"/>
    <property name="sun.arch.data.model" value="64"/>
    <property name="java.vendor.url" value="https://ubuntu.com/"/>
    <property name="catalina.useNaming" value="false"/>
    <property name="user.timezone" value="Europe/Warsaw"/>
    <property name="org.jboss.logging.provider" value="slf4j"/>
    <property name="os.name" value="Linux"/>
    <property name="java.vm.specification.version" value="17"/>
    <property name="APPLICATION_NAME" value="CC3"/>
    <property name="sun.java.launcher" value="SUN_STANDARD"/>
    <property name="user.country" value="PL"/>
    <property name="sun.boot.library.path" value="/usr/lib/jvm/java-17-openjdk-amd64/lib"/>
    <property name="sun.java.command" value="/home/cyboran/Pulpit/checkout-component-3.0/target/surefire/surefirebooter-20241220183653659_3.jar /home/cyboran/Pulpit/checkout-component-3.0/target/surefire 2024-12-20T18-36-53_577-jvmRun1 surefire-20241220183653659_1tmp surefire_0-20241220183653659_2tmp"/>
    <property name="jdk.debug" value="release"/>
    <property name="surefire.test.class.path" value="/home/cyboran/Pulpit/checkout-component-3.0/target/test-classes:/home/cyboran/Pulpit/checkout-component-3.0/target/classes:/home/cyboran/.m2/repository/org/springframework/boot/spring-boot-starter-data-jpa/3.4.0/spring-boot-starter-data-jpa-3.4.0.jar:/home/cyboran/.m2/repository/org/springframework/boot/spring-boot-starter/3.4.0/spring-boot-starter-3.4.0.jar:/home/cyboran/.m2/repository/org/springframework/boot/spring-boot-starter-logging/3.4.0/spring-boot-starter-logging-3.4.0.jar:/home/cyboran/.m2/repository/ch/qos/logback/logback-classic/1.5.12/logback-classic-1.5.12.jar:/home/cyboran/.m2/repository/ch/qos/logback/logback-core/1.5.12/logback-core-1.5.12.jar:/home/cyboran/.m2/repository/org/apache/logging/log4j/log4j-to-slf4j/2.24.1/log4j-to-slf4j-2.24.1.jar:/home/cyboran/.m2/repository/org/apache/logging/log4j/log4j-api/2.24.1/log4j-api-2.24.1.jar:/home/cyboran/.m2/repository/org/slf4j/jul-to-slf4j/2.0.16/jul-to-slf4j-2.0.16.jar:/home/cyboran/.m2/repository/jakarta/annotation/jakarta.annotation-api/2.1.1/jakarta.annotation-api-2.1.1.jar:/home/cyboran/.m2/repository/org/springframework/boot/spring-boot-starter-jdbc/3.4.0/spring-boot-starter-jdbc-3.4.0.jar:/home/cyboran/.m2/repository/com/zaxxer/HikariCP/5.1.0/HikariCP-5.1.0.jar:/home/cyboran/.m2/repository/org/springframework/spring-jdbc/6.2.0/spring-jdbc-6.2.0.jar:/home/cyboran/.m2/repository/org/hibernate/orm/hibernate-core/6.6.2.Final/hibernate-core-6.6.2.Final.jar:/home/cyboran/.m2/repository/jakarta/persistence/jakarta.persistence-api/3.1.0/jakarta.persistence-api-3.1.0.jar:/home/cyboran/.m2/repository/jakarta/transaction/jakarta.transaction-api/2.0.1/jakarta.transaction-api-2.0.1.jar:/home/cyboran/.m2/repository/org/jboss/logging/jboss-logging/3.6.1.Final/jboss-logging-3.6.1.Final.jar:/home/cyboran/.m2/repository/org/hibernate/common/hibernate-commons-annotations/7.0.3.Final/hibernate-commons-annotations-7.0.3.Final.jar:/home/cyboran/.m2/repository/io/smallrye/jandex/3.2.0/jandex-3.2.0.jar:/home/cyboran/.m2/repository/com/fasterxml/classmate/1.7.0/classmate-1.7.0.jar:/home/cyboran/.m2/repository/net/bytebuddy/byte-buddy/1.15.10/byte-buddy-1.15.10.jar:/home/cyboran/.m2/repository/org/glassfish/jaxb/jaxb-runtime/4.0.5/jaxb-runtime-4.0.5.jar:/home/cyboran/.m2/repository/org/glassfish/jaxb/jaxb-core/4.0.5/jaxb-core-4.0.5.jar:/home/cyboran/.m2/repository/org/eclipse/angus/angus-activation/2.0.2/angus-activation-2.0.2.jar:/home/cyboran/.m2/repository/org/glassfish/jaxb/txw2/4.0.5/txw2-4.0.5.jar:/home/cyboran/.m2/repository/com/sun/istack/istack-commons-runtime/4.1.2/istack-commons-runtime-4.1.2.jar:/home/cyboran/.m2/repository/jakarta/inject/jakarta.inject-api/2.0.1/jakarta.inject-api-2.0.1.jar:/home/cyboran/.m2/repository/org/antlr/antlr4-runtime/4.13.0/antlr4-runtime-4.13.0.jar:/home/cyboran/.m2/repository/org/springframework/data/spring-data-jpa/3.4.0/spring-data-jpa-3.4.0.jar:/home/cyboran/.m2/repository/org/springframework/data/spring-data-commons/3.4.0/spring-data-commons-3.4.0.jar:/home/cyboran/.m2/repository/org/springframework/spring-orm/6.2.0/spring-orm-6.2.0.jar:/home/cyboran/.m2/repository/org/springframework/spring-context/6.2.0/spring-context-6.2.0.jar:/home/cyboran/.m2/repository/org/springframework/spring-tx/6.2.0/spring-tx-6.2.0.jar:/home/cyboran/.m2/repository/org/springframework/spring-beans/6.2.0/spring-beans-6.2.0.jar:/home/cyboran/.m2/repository/org/slf4j/slf4j-api/2.0.16/slf4j-api-2.0.16.jar:/home/cyboran/.m2/repository/org/springframework/spring-aspects/6.2.0/spring-aspects-6.2.0.jar:/home/cyboran/.m2/repository/org/aspectj/aspectjweaver/1.9.22.1/aspectjweaver-1.9.22.1.jar:/home/cyboran/.m2/repository/org/springframework/boot/spring-boot-starter-security/3.4.0/spring-boot-starter-security-3.4.0.jar:/home/cyboran/.m2/repository/org/springframework/spring-aop/6.2.0/spring-aop-6.2.0.jar:/home/cyboran/.m2/repository/org/springframework/security/spring-security-config/6.4.1/spring-security-config-6.4.1.jar:/home/cyboran/.m2/repository/org/springframework/security/spring-security-web/6.4.1/spring-security-web-6.4.1.jar:/home/cyboran/.m2/repository/org/springframework/spring-expression/6.2.0/spring-expression-6.2.0.jar:/home/cyboran/.m2/repository/org/springframework/boot/spring-boot-starter-web/3.4.0/spring-boot-starter-web-3.4.0.jar:/home/cyboran/.m2/repository/org/springframework/boot/spring-boot-starter-json/3.4.0/spring-boot-starter-json-3.4.0.jar:/home/cyboran/.m2/repository/com/fasterxml/jackson/datatype/jackson-datatype-jdk8/2.18.1/jackson-datatype-jdk8-2.18.1.jar:/home/cyboran/.m2/repository/com/fasterxml/jackson/datatype/jackson-datatype-jsr310/2.18.1/jackson-datatype-jsr310-2.18.1.jar:/home/cyboran/.m2/repository/com/fasterxml/jackson/module/jackson-module-parameter-names/2.18.1/jackson-module-parameter-names-2.18.1.jar:/home/cyboran/.m2/repository/org/springframework/boot/spring-boot-starter-tomcat/3.4.0/spring-boot-starter-tomcat-3.4.0.jar:/home/cyboran/.m2/repository/org/apache/tomcat/embed/tomcat-embed-core/10.1.33/tomcat-embed-core-10.1.33.jar:/home/cyboran/.m2/repository/org/apache/tomcat/embed/tomcat-embed-websocket/10.1.33/tomcat-embed-websocket-10.1.33.jar:/home/cyboran/.m2/repository/org/springframework/spring-web/6.2.0/spring-web-6.2.0.jar:/home/cyboran/.m2/repository/io/micrometer/micrometer-observation/1.14.1/micrometer-observation-1.14.1.jar:/home/cyboran/.m2/repository/io/micrometer/micrometer-commons/1.14.1/micrometer-commons-1.14.1.jar:/home/cyboran/.m2/repository/org/springframework/spring-webmvc/6.2.0/spring-webmvc-6.2.0.jar:/home/cyboran/.m2/repository/org/springframework/boot/spring-boot-devtools/3.4.0/spring-boot-devtools-3.4.0.jar:/home/cyboran/.m2/repository/org/springframework/boot/spring-boot/3.4.0/spring-boot-3.4.0.jar:/home/cyboran/.m2/repository/org/springframework/boot/spring-boot-autoconfigure/3.4.0/spring-boot-autoconfigure-3.4.0.jar:/home/cyboran/.m2/repository/com/mysql/mysql-connector-j/9.1.0/mysql-connector-j-9.1.0.jar:/home/cyboran/.m2/repository/org/springframework/boot/spring-boot-starter-test/3.4.0/spring-boot-starter-test-3.4.0.jar:/home/cyboran/.m2/repository/org/springframework/boot/spring-boot-test/3.4.0/spring-boot-test-3.4.0.jar:/home/cyboran/.m2/repository/org/springframework/boot/spring-boot-test-autoconfigure/3.4.0/spring-boot-test-autoconfigure-3.4.0.jar:/home/cyboran/.m2/repository/com/jayway/jsonpath/json-path/2.9.0/json-path-2.9.0.jar:/home/cyboran/.m2/repository/jakarta/xml/bind/jakarta.xml.bind-api/4.0.2/jakarta.xml.bind-api-4.0.2.jar:/home/cyboran/.m2/repository/jakarta/activation/jakarta.activation-api/2.1.3/jakarta.activation-api-2.1.3.jar:/home/cyboran/.m2/repository/net/minidev/json-smart/2.5.1/json-smart-2.5.1.jar:/home/cyboran/.m2/repository/net/minidev/accessors-smart/2.5.1/accessors-smart-2.5.1.jar:/home/cyboran/.m2/repository/org/ow2/asm/asm/9.6/asm-9.6.jar:/home/cyboran/.m2/repository/org/assertj/assertj-core/3.26.3/assertj-core-3.26.3.jar:/home/cyboran/.m2/repository/org/awaitility/awaitility/4.2.2/awaitility-4.2.2.jar:/home/cyboran/.m2/repository/org/hamcrest/hamcrest/2.2/hamcrest-2.2.jar:/home/cyboran/.m2/repository/org/junit/jupiter/junit-jupiter/5.11.3/junit-jupiter-5.11.3.jar:/home/cyboran/.m2/repository/org/junit/jupiter/junit-jupiter-api/5.11.3/junit-jupiter-api-5.11.3.jar:/home/cyboran/.m2/repository/org/opentest4j/opentest4j/1.3.0/opentest4j-1.3.0.jar:/home/cyboran/.m2/repository/org/junit/platform/junit-platform-commons/1.11.3/junit-platform-commons-1.11.3.jar:/home/cyboran/.m2/repository/org/apiguardian/apiguardian-api/1.1.2/apiguardian-api-1.1.2.jar:/home/cyboran/.m2/repository/org/junit/jupiter/junit-jupiter-params/5.11.3/junit-jupiter-params-5.11.3.jar:/home/cyboran/.m2/repository/org/junit/jupiter/junit-jupiter-engine/5.11.3/junit-jupiter-engine-5.11.3.jar:/home/cyboran/.m2/repository/org/junit/platform/junit-platform-engine/1.11.3/junit-platform-engine-1.11.3.jar:/home/cyboran/.m2/repository/org/mockito/mockito-core/5.14.2/mockito-core-5.14.2.jar:/home/cyboran/.m2/repository/net/bytebuddy/byte-buddy-agent/1.15.10/byte-buddy-agent-1.15.10.jar:/home/cyboran/.m2/repository/org/objenesis/objenesis/3.3/objenesis-3.3.jar:/home/cyboran/.m2/repository/org/mockito/mockito-junit-jupiter/5.14.2/mockito-junit-jupiter-5.14.2.jar:/home/cyboran/.m2/repository/org/skyscreamer/jsonassert/1.5.3/jsonassert-1.5.3.jar:/home/cyboran/.m2/repository/com/vaadin/external/google/android-json/0.0.20131108.vaadin1/android-json-0.0.20131108.vaadin1.jar:/home/cyboran/.m2/repository/org/springframework/spring-core/6.2.0/spring-core-6.2.0.jar:/home/cyboran/.m2/repository/org/springframework/spring-jcl/6.2.0/spring-jcl-6.2.0.jar:/home/cyboran/.m2/repository/org/springframework/spring-test/6.2.0/spring-test-6.2.0.jar:/home/cyboran/.m2/repository/org/xmlunit/xmlunit-core/2.10.0/xmlunit-core-2.10.0.jar:/home/cyboran/.m2/repository/org/springframework/security/spring-security-test/6.4.1/spring-security-test-6.4.1.jar:/home/cyboran/.m2/repository/org/springframework/security/spring-security-core/6.4.1/spring-security-core-6.4.1.jar:/home/cyboran/.m2/repository/org/springframework/security/spring-security-crypto/6.4.1/spring-security-crypto-6.4.1.jar:/home/cyboran/.m2/repository/com/h2database/h2/2.3.232/h2-2.3.232.jar:/home/cyboran/.m2/repository/io/jsonwebtoken/jjwt-api/0.11.5/jjwt-api-0.11.5.jar:/home/cyboran/.m2/repository/io/jsonwebtoken/jjwt-impl/0.11.5/jjwt-impl-0.11.5.jar:/home/cyboran/.m2/repository/io/jsonwebtoken/jjwt-jackson/0.11.5/jjwt-jackson-0.11.5.jar:/home/cyboran/.m2/repository/com/fasterxml/jackson/core/jackson-databind/2.18.1/jackson-databind-2.18.1.jar:/home/cyboran/.m2/repository/com/fasterxml/jackson/core/jackson-annotations/2.18.1/jackson-annotations-2.18.1.jar:/home/cyboran/.m2/repository/com/fasterxml/jackson/core/jackson-core/2.18.1/jackson-core-2.18.1.jar:/home/cyboran/.m2/repository/org/springframework/boot/spring-boot-starter-validation/3.4.0/spring-boot-starter-validation-3.4.0.jar:/home/cyboran/.m2/repository/org/apache/tomcat/embed/tomcat-embed-el/10.1.33/tomcat-embed-el-10.1.33.jar:/home/cyboran/.m2/repository/org/hibernate/validator/hibernate-validator/8.0.1.Final/hibernate-validator-8.0.1.Final.jar:/home/cyboran/.m2/repository/jakarta/validation/jakarta.validation-api/3.0.2/jakarta.validation-api-3.0.2.jar:/home/cyboran/.m2/repository/org/liquibase/liquibase-core/4.29.2/liquibase-core-4.29.2.jar:/home/cyboran/.m2/repository/com/opencsv/opencsv/5.9/opencsv-5.9.jar:/home/cyboran/.m2/repository/org/yaml/snakeyaml/2.3/snakeyaml-2.3.jar:/home/cyboran/.m2/repository/javax/xml/bind/jaxb-api/2.3.1/jaxb-api-2.3.1.jar:/home/cyboran/.m2/repository/commons-io/commons-io/2.16.1/commons-io-2.16.1.jar:/home/cyboran/.m2/repository/org/apache/commons/commons-collections4/4.4/commons-collections4-4.4.jar:/home/cyboran/.m2/repository/org/apache/commons/commons-text/1.12.0/commons-text-1.12.0.jar:/home/cyboran/.m2/repository/org/apache/commons/commons-lang3/3.17.0/commons-lang3-3.17.0.jar:/home/cyboran/.m2/repository/org/springdoc/springdoc-openapi-starter-webmvc-ui/2.7.0/springdoc-openapi-starter-webmvc-ui-2.7.0.jar:/home/cyboran/.m2/repository/org/springdoc/springdoc-openapi-starter-webmvc-api/2.7.0/springdoc-openapi-starter-webmvc-api-2.7.0.jar:/home/cyboran/.m2/repository/org/springdoc/springdoc-openapi-starter-common/2.7.0/springdoc-openapi-starter-common-2.7.0.jar:/home/cyboran/.m2/repository/io/swagger/core/v3/swagger-core-jakarta/2.2.25/swagger-core-jakarta-2.2.25.jar:/home/cyboran/.m2/repository/io/swagger/core/v3/swagger-annotations-jakarta/2.2.25/swagger-annotations-jakarta-2.2.25.jar:/home/cyboran/.m2/repository/io/swagger/core/v3/swagger-models-jakarta/2.2.25/swagger-models-jakarta-2.2.25.jar:/home/cyboran/.m2/repository/com/fasterxml/jackson/dataformat/jackson-dataformat-yaml/2.18.1/jackson-dataformat-yaml-2.18.1.jar:/home/cyboran/.m2/repository/org/webjars/swagger-ui/5.18.2/swagger-ui-5.18.2.jar:/home/cyboran/.m2/repository/org/webjars/webjars-locator-lite/1.0.1/webjars-locator-lite-1.0.1.jar:/home/cyboran/.m2/repository/org/jspecify/jspecify/1.0.0/jspecify-1.0.0.jar:"/>
    <property name="sun.cpu.endian" value="little"/>
    <property name="user.home" value="/home/cyboran"/>
    <property name="user.language" value="pl"/>
    <property name="java.specification.vendor" value="Oracle Corporation"/>
    <property name="java.version.date" value="2024-10-15"/>
    <property name="java.home" value="/usr/lib/jvm/java-17-openjdk-amd64"/>
    <property name="file.separator" value="/"/>
    <property name="basedir" value="/home/cyboran/Pulpit/checkout-component-3.0"/>
    <property name="java.vm.compressedOopsMode" value="Zero based"/>
    <property name="line.separator" value="&#10;"/>
    <property name="java.specification.name" value="Java Platform API Specification"/>
    <property name="java.vm.specification.vendor" value="Oracle Corporation"/>
    <property name="FILE_LOG_CHARSET" value="UTF-8"/>
    <property name="java.awt.headless" value="true"/>
    <property name="surefire.real.class.path" value="/home/cyboran/Pulpit/checkout-component-3.0/target/surefire/surefirebooter-20241220183653659_3.jar"/>
    <property name="sun.management.compiler" value="HotSpot 64-Bit Tiered Compilers"/>
    <property name="java.runtime.version" value="17.0.13+11-Ubuntu-2ubuntu122.04"/>
    <property name="user.name" value="cyboran"/>
    <property name="path.separator" value=":"/>
    <property name="os.version" value="6.8.0-49-generic"/>
    <property name="java.runtime.name" value="OpenJDK Runtime Environment"/>
    <property name="file.encoding" value="UTF-8"/>
    <property name="java.vm.name" value="OpenJDK 64-Bit Server VM"/>
    <property name="localRepository" value="/home/cyboran/.m2/repository"/>
    <property name="java.vendor.url.bug" value="https://bugs.launchpad.net/ubuntu/+source/openjdk-17"/>
    <property name="java.io.tmpdir" value="/tmp"/>
    <property name="com.zaxxer.hikari.pool_number" value="2"/>
    <property name="catalina.home" value="/tmp/tomcat.0.151754363634219368"/>
    <property name="java.version" value="17.0.13"/>
    <property name="user.dir" value="/home/cyboran/Pulpit/checkout-component-3.0"/>
    <property name="os.arch" value="amd64"/>
    <property name="java.vm.specification.name" value="Java Virtual Machine Specification"/>
    <property name="PID" value="17282"/>
    <property name="CONSOLE_LOG_CHARSET" value="UTF-8"/>
    <property name="catalina.base" value="/tmp/tomcat.0.151754363634219368"/>
    <property name="native.encoding" value="UTF-8"/>
    <property name="java.library.path" value="/usr/java/packages/lib:/usr/lib/x86_64-linux-gnu/jni:/lib/x86_64-linux-gnu:/usr/lib/x86_64-linux-gnu:/usr/lib/jni:/lib:/usr/lib"/>
    <property name="java.vm.info" value="mixed mode, sharing"/>
    <property name="java.vendor" value="Ubuntu"/>
    <property name="java.vm.version" value="17.0.13+11-Ubuntu-2ubuntu122.04"/>
    <property name="java.specification.maintenance.version" value="1"/>
    <property name="sun.io.unicode.encoding" value="UnicodeLittle"/>
    <property name="java.class.version" value="61.0"/>
    <property name="LOGGED_APPLICATION_NAME" value="[CC3] "/>
  </properties>
  <testcase name="testFindUserByLogin_success" classname="com.component.checkout.infrastructure.repository.UserRepositoryTest" time="0.02">
    <system-out><![CDATA[2024-12-20T18:37:03.196+01:00  INFO 17282 --- [CC3] [           main] t.c.s.AnnotationConfigContextLoaderUtils : Could not detect default configuration classes for test class [com.component.checkout.infrastructure.repository.UserRepositoryTest]: UserRepositoryTest does not declare any static, non-private, non-final, nested classes annotated with @Configuration.
2024-12-20T18:37:03.237+01:00  INFO 17282 --- [CC3] [           main] .b.t.c.SpringBootTestContextBootstrapper : Found @SpringBootConfiguration com.component.checkout.Cc3Application for test class com.component.checkout.infrastructure.repository.UserRepositoryTest
2024-12-20T18:37:03.242+01:00  INFO 17282 --- [CC3] [           main] o.s.b.d.r.RestartApplicationListener     : Restart disabled due to context in which it is running

  .   ____          _            __ _ _
 /\\ / ___'_ __ _ _(_)_ __  __ _ \ \ \ \
( ( )\___ | '_ | '_| | '_ \/ _` | \ \ \ \
 \\/  ___)| |_)| | | | | || (_| |  ) ) ) )
  '  |____| .__|_| |_|_| |_\__, | / / / /
 =========|_|==============|___/=/_/_/_/

 :: Spring Boot ::                (v3.4.0)

2024-12-20T18:37:03.290+01:00  INFO 17282 --- [CC3] [           main] c.c.c.i.repository.UserRepositoryTest    : Starting UserRepositoryTest using Java 17.0.13 with PID 17282 (started by cyboran in /home/cyboran/Pulpit/checkout-component-3.0)
2024-12-20T18:37:03.290+01:00  INFO 17282 --- [CC3] [           main] c.c.c.i.repository.UserRepositoryTest    : The following 1 profile is active: "test"
2024-12-20T18:37:03.427+01:00  INFO 17282 --- [CC3] [           main] .s.d.r.c.RepositoryConfigurationDelegate : Bootstrapping Spring Data JPA repositories in DEFAULT mode.
2024-12-20T18:37:03.449+01:00  INFO 17282 --- [CC3] [           main] .s.d.r.c.RepositoryConfigurationDelegate : Finished Spring Data repository scanning in 20 ms. Found 5 JPA repository interfaces.
2024-12-20T18:37:03.475+01:00  INFO 17282 --- [CC3] [           main] beddedDataSourceBeanFactoryPostProcessor : Replacing 'dataSource' DataSource bean with embedded version
2024-12-20T18:37:03.514+01:00  INFO 17282 --- [CC3] [           main] o.s.j.d.e.EmbeddedDatabaseFactory        : Starting embedded database: url='jdbc:h2:mem:0779cb4e-9378-448f-bda7-b09f286656d6;DB_CLOSE_DELAY=-1;DB_CLOSE_ON_EXIT=false', username='sa'
2024-12-20T18:37:03.522+01:00  INFO 17282 --- [CC3] [           main] liquibase.database                       : Set default schema name to PUBLIC
2024-12-20T18:37:03.739+01:00  INFO 17282 --- [CC3] [           main] liquibase.changelog                      : Creating database history table with name: PUBLIC.DATABASECHANGELOG
2024-12-20T18:37:03.745+01:00  INFO 17282 --- [CC3] [           main] liquibase.changelog                      : Reading from PUBLIC.DATABASECHANGELOG
2024-12-20T18:37:03.794+01:00  INFO 17282 --- [CC3] [           main] liquibase.lockservice                    : Successfully acquired change log lock
2024-12-20T18:37:03.795+01:00  INFO 17282 --- [CC3] [           main] liquibase.command                        : Using deploymentId: 4716223795
2024-12-20T18:37:03.796+01:00  INFO 17282 --- [CC3] [           main] liquibase.changelog                      : Reading from PUBLIC.DATABASECHANGELOG
2024-12-20T18:37:03.829+01:00  INFO 17282 --- [CC3] [           main] liquibase.ui                             : Running Changeset: db/changelog/changeset/01-create-user.xml::01-create-user-table::filip.cyboran
2024-12-20T18:37:03.833+01:00  INFO 17282 --- [CC3] [           main] liquibase.changelog                      : Table user created
2024-12-20T18:37:03.833+01:00  INFO 17282 --- [CC3] [           main] liquibase.changelog                      : ChangeSet db/changelog/changeset/01-create-user.xml::01-create-user-table::filip.cyboran ran successfully in 3ms
2024-12-20T18:37:03.837+01:00  INFO 17282 --- [CC3] [           main] liquibase.ui                             : Running Changeset: db/changelog/changeset/02-create-role.xml::02-create-role-table::filip.cyboran
2024-12-20T18:37:03.841+01:00  INFO 17282 --- [CC3] [           main] liquibase.changelog                      : Table role created
2024-12-20T18:37:03.841+01:00  INFO 17282 --- [CC3] [           main] liquibase.changelog                      : ChangeSet db/changelog/changeset/02-create-role.xml::02-create-role-table::filip.cyboran ran successfully in 3ms
2024-12-20T18:37:03.845+01:00  INFO 17282 --- [CC3] [           main] liquibase.ui                             : Running Changeset: db/changelog/changeset/03-create-user-role.xml::03-create-user-role::filip.cyboran
2024-12-20T18:37:03.848+01:00  INFO 17282 --- [CC3] [           main] liquibase.changelog                      : Table user_role created
2024-12-20T18:37:03.850+01:00  INFO 17282 --- [CC3] [           main] liquibase.changelog                      : Foreign key constraint added to user_role (user_id)
2024-12-20T18:37:03.853+01:00  INFO 17282 --- [CC3] [           main] liquibase.changelog                      : Foreign key constraint added to user_role (role_id)
2024-12-20T18:37:03.857+01:00  INFO 17282 --- [CC3] [           main] liquibase.changelog                      : Primary key added to user_role (user_id, role_id)
2024-12-20T18:37:03.857+01:00  INFO 17282 --- [CC3] [           main] liquibase.changelog                      : ChangeSet db/changelog/changeset/03-create-user-role.xml::03-create-user-role::filip.cyboran ran successfully in 11ms
2024-12-20T18:37:03.862+01:00  INFO 17282 --- [CC3] [           main] liquibase.ui                             : Running Changeset: db/changelog/changeset/04-insert-role.xml::04-insert-role::filip.cyboran
2024-12-20T18:37:03.864+01:00  INFO 17282 --- [CC3] [           main] liquibase.changelog                      : New row inserted into role
2024-12-20T18:37:03.865+01:00  INFO 17282 --- [CC3] [           main] liquibase.changelog                      : ChangeSet db/changelog/changeset/04-insert-role.xml::04-insert-role::filip.cyboran ran successfully in 3ms
2024-12-20T18:37:03.868+01:00  INFO 17282 --- [CC3] [           main] liquibase.ui                             : Running Changeset: db/changelog/changeset/05-insert-user.xml::05-insert-user::cyboran
2024-12-20T18:37:03.870+01:00  INFO 17282 --- [CC3] [           main] liquibase.changelog                      : New row inserted into user
2024-12-20T18:37:03.872+01:00  INFO 17282 --- [CC3] [           main] liquibase.changelog                      : New row inserted into user_role
2024-12-20T18:37:03.872+01:00  INFO 17282 --- [CC3] [           main] liquibase.changelog                      : ChangeSet db/changelog/changeset/05-insert-user.xml::05-insert-user::cyboran ran successfully in 4ms
2024-12-20T18:37:03.875+01:00  INFO 17282 --- [CC3] [           main] liquibase.ui                             : Running Changeset: db/changelog/changeset/06-create-item.xml::06-create-item-table::filip.cyboran
2024-12-20T18:37:03.879+01:00  INFO 17282 --- [CC3] [           main] liquibase.changelog                      : Table item created
2024-12-20T18:37:03.879+01:00  INFO 17282 --- [CC3] [           main] liquibase.changelog                      : ChangeSet db/changelog/changeset/06-create-item.xml::06-create-item-table::filip.cyboran ran successfully in 3ms
2024-12-20T18:37:03.884+01:00  INFO 17282 --- [CC3] [           main] liquibase.ui                             : Running Changeset: db/changelog/changeset/07-insert-item.xml::07-insert-items::filip.cyboran
2024-12-20T18:37:03.886+01:00  INFO 17282 --- [CC3] [           main] liquibase.changelog                      : New row inserted into item
2024-12-20T18:37:03.888+01:00  INFO 17282 --- [CC3] [           main] liquibase.changelog                      : New row inserted into item
2024-12-20T18:37:03.890+01:00  INFO 17282 --- [CC3] [           main] liquibase.changelog                      : New row inserted into item
2024-12-20T18:37:03.892+01:00  INFO 17282 --- [CC3] [           main] liquibase.changelog                      : New row inserted into item
2024-12-20T18:37:03.893+01:00  INFO 17282 --- [CC3] [           main] liquibase.changelog                      : ChangeSet db/changelog/changeset/07-insert-item.xml::07-insert-items::filip.cyboran ran successfully in 8ms
2024-12-20T18:37:03.896+01:00  INFO 17282 --- [CC3] [           main] liquibase.ui                             : Running Changeset: db/changelog/changeset/08-create-cart.xml::08-create-cart::filip.cyboran
2024-12-20T18:37:03.900+01:00  INFO 17282 --- [CC3] [           main] liquibase.changelog                      : Table cart created
2024-12-20T18:37:03.901+01:00  INFO 17282 --- [CC3] [           main] liquibase.changelog                      : ChangeSet db/changelog/changeset/08-create-cart.xml::08-create-cart::filip.cyboran ran successfully in 4ms
2024-12-20T18:37:03.905+01:00  INFO 17282 --- [CC3] [           main] liquibase.ui                             : Running Changeset: db/changelog/changeset/09-create-cart-item.xml::09-create-cart-item::filip.cyboran
2024-12-20T18:37:03.909+01:00  INFO 17282 --- [CC3] [           main] liquibase.changelog                      : Table cart_item created
2024-12-20T18:37:03.912+01:00  INFO 17282 --- [CC3] [           main] liquibase.changelog                      : Foreign key constraint added to cart_item (item_id)
2024-12-20T18:37:03.914+01:00  INFO 17282 --- [CC3] [           main] liquibase.changelog                      : Foreign key constraint added to cart_item (cart_id)
2024-12-20T18:37:03.914+01:00  INFO 17282 --- [CC3] [           main] liquibase.changelog                      : ChangeSet db/changelog/changeset/09-create-cart-item.xml::09-create-cart-item::filip.cyboran ran successfully in 9ms
2024-12-20T18:37:03.918+01:00  INFO 17282 --- [CC3] [           main] liquibase.ui                             : Running Changeset: db/changelog/changeset/10-create-receipt.xml::10-create-receipt::filip.cyboran
2024-12-20T18:37:03.921+01:00  INFO 17282 --- [CC3] [           main] liquibase.changelog                      : Table receipt created
2024-12-20T18:37:03.923+01:00  INFO 17282 --- [CC3] [           main] liquibase.changelog                      : Table receipt_purchased_items created
2024-12-20T18:37:03.926+01:00  INFO 17282 --- [CC3] [           main] liquibase.changelog                      : Foreign key constraint added to receipt_purchased_items (receipt_id)
2024-12-20T18:37:03.928+01:00  INFO 17282 --- [CC3] [           main] liquibase.changelog                      : Foreign key constraint added to receipt_purchased_items (cart_item_id)
2024-12-20T18:37:03.929+01:00  INFO 17282 --- [CC3] [           main] liquibase.changelog                      : ChangeSet db/changelog/changeset/10-create-receipt.xml::10-create-receipt::filip.cyboran ran successfully in 10ms
2024-12-20T18:37:03.932+01:00  INFO 17282 --- [CC3] [           main] liquibase.ui                             : Running Changeset: db/changelog/changeset/11-create-bundle-discount.xml::11-create-bundle-discount::filip.cyboran
2024-12-20T18:37:03.935+01:00  INFO 17282 --- [CC3] [           main] liquibase.changelog                      : Table bundle_discount created
2024-12-20T18:37:03.938+01:00  INFO 17282 --- [CC3] [           main] liquibase.changelog                      : Foreign key constraint added to bundle_discount (primary_item_id)
2024-12-20T18:37:03.940+01:00  INFO 17282 --- [CC3] [           main] liquibase.changelog                      : Foreign key constraint added to bundle_discount (bundled_item_id)
2024-12-20T18:37:03.940+01:00  INFO 17282 --- [CC3] [           main] liquibase.changelog                      : ChangeSet db/changelog/changeset/11-create-bundle-discount.xml::11-create-bundle-discount::filip.cyboran ran successfully in 8ms
2024-12-20T18:37:03.944+01:00  INFO 17282 --- [CC3] [           main] liquibase.ui                             : Running Changeset: db/changelog/changeset/12-insert-bundle-discount.xml::12-insert-bundle-discount::filip.cyboran
2024-12-20T18:37:03.946+01:00  INFO 17282 --- [CC3] [           main] liquibase.changelog                      : New row inserted into bundle_discount
2024-12-20T18:37:03.948+01:00  INFO 17282 --- [CC3] [           main] liquibase.changelog                      : New row inserted into bundle_discount
2024-12-20T18:37:03.948+01:00  INFO 17282 --- [CC3] [           main] liquibase.changelog                      : ChangeSet db/changelog/changeset/12-insert-bundle-discount.xml::12-insert-bundle-discount::filip.cyboran ran successfully in 4ms
2024-12-20T18:37:03.951+01:00  INFO 17282 --- [CC3] [           main] liquibase.ui                             : Running Changeset: db/changelog/changeset/13-add-cart-user-relation.xml::13-add-cart-user-relation::filip.cyboran
2024-12-20T18:37:03.956+01:00  INFO 17282 --- [CC3] [           main] liquibase.changelog                      : Columns user_id(BIGINT) added to cart
2024-12-20T18:37:03.958+01:00  INFO 17282 --- [CC3] [           main] liquibase.changelog                      : Foreign key constraint added to cart (user_id)
2024-12-20T18:37:03.960+01:00  INFO 17282 --- [CC3] [           main] liquibase.changelog                      : Unique constraint added to cart(user_id)
2024-12-20T18:37:03.960+01:00  INFO 17282 --- [CC3] [           main] liquibase.changelog                      : ChangeSet db/changelog/changeset/13-add-cart-user-relation.xml::13-add-cart-user-relation::filip.cyboran ran successfully in 9ms
2024-12-20T18:37:03.962+01:00  INFO 17282 --- [CC3] [           main] liquibase.util                           : UPDATE SUMMARY
2024-12-20T18:37:03.963+01:00  INFO 17282 --- [CC3] [           main] liquibase.util                           : Run:                         13
2024-12-20T18:37:03.963+01:00  INFO 17282 --- [CC3] [           main] liquibase.util                           : Previously run:               0
2024-12-20T18:37:03.963+01:00  INFO 17282 --- [CC3] [           main] liquibase.util                           : Filtered out:                 0
2024-12-20T18:37:03.963+01:00  INFO 17282 --- [CC3] [           main] liquibase.util                           : -------------------------------
2024-12-20T18:37:03.963+01:00  INFO 17282 --- [CC3] [           main] liquibase.util                           : Total change sets:           13
2024-12-20T18:37:03.963+01:00  INFO 17282 --- [CC3] [           main] liquibase.util                           : Update summary generated
2024-12-20T18:37:03.964+01:00  INFO 17282 --- [CC3] [           main] liquibase.command                        : Update command completed successfully.
2024-12-20T18:37:03.964+01:00  INFO 17282 --- [CC3] [           main] liquibase.ui                             : Liquibase: Update has been successful. Rows affected: 22
2024-12-20T18:37:03.965+01:00  INFO 17282 --- [CC3] [           main] liquibase.lockservice                    : Successfully released change log lock
2024-12-20T18:37:03.966+01:00  INFO 17282 --- [CC3] [           main] liquibase.command                        : Command execution complete
2024-12-20T18:37:03.989+01:00  INFO 17282 --- [CC3] [           main] o.hibernate.jpa.internal.util.LogHelper  : HHH000204: Processing PersistenceUnitInfo [name: default]
2024-12-20T18:37:03.993+01:00  INFO 17282 --- [CC3] [           main] o.h.c.internal.RegionFactoryInitiator    : HHH000026: Second-level cache disabled
2024-12-20T18:37:04.003+01:00  INFO 17282 --- [CC3] [           main] o.s.o.j.p.SpringPersistenceUnitInfo      : No LoadTimeWeaver setup: ignoring JPA class transformer
2024-12-20T18:37:04.005+01:00  WARN 17282 --- [CC3] [           main] org.hibernate.orm.deprecation            : HHH90000025: H2Dialect does not need to be specified explicitly using 'hibernate.dialect' (remove the property setting and it will be selected by default)
2024-12-20T18:37:04.006+01:00  INFO 17282 --- [CC3] [           main] org.hibernate.orm.connections.pooling    : HHH10001005: Database info:
	Database JDBC URL [Connecting through datasource 'org.springframework.jdbc.datasource.embedded.EmbeddedDatabaseFactory$EmbeddedDataSourceProxy@63369b91']
	Database driver: undefined/unknown
	Database version: 2.3.232
	Autocommit mode: undefined/unknown
	Isolation level: undefined/unknown
	Minimum pool size: undefined/unknown
	Maximum pool size: undefined/unknown
2024-12-20T18:37:04.199+01:00  INFO 17282 --- [CC3] [           main] o.h.e.t.j.p.i.JtaPlatformInitiator       : HHH000489: No JTA platform available (set 'hibernate.transaction.jta.platform' to enable JTA platform integration)
2024-12-20T18:37:04.200+01:00 DEBUG 17282 --- [CC3] [           main] org.hibernate.SQL                        : drop table if exists bundle_discount cascade 
Hibernate: drop table if exists bundle_discount cascade 
2024-12-20T18:37:04.201+01:00 DEBUG 17282 --- [CC3] [           main] org.hibernate.SQL                        : drop table if exists cart cascade 
Hibernate: drop table if exists cart cascade 
2024-12-20T18:37:04.202+01:00 DEBUG 17282 --- [CC3] [           main] org.hibernate.SQL                        : drop table if exists cart_item cascade 
Hibernate: drop table if exists cart_item cascade 
2024-12-20T18:37:04.202+01:00 DEBUG 17282 --- [CC3] [           main] org.hibernate.SQL                        : drop table if exists item cascade 
Hibernate: drop table if exists item cascade 
2024-12-20T18:37:04.203+01:00 DEBUG 17282 --- [CC3] [           main] org.hibernate.SQL                        : drop table if exists receipt cascade 
Hibernate: drop table if exists receipt cascade 
2024-12-20T18:37:04.203+01:00 DEBUG 17282 --- [CC3] [           main] org.hibernate.SQL                        : drop table if exists receipt_purchased_items cascade 
Hibernate: drop table if exists receipt_purchased_items cascade 
2024-12-20T18:37:04.204+01:00 DEBUG 17282 --- [CC3] [           main] org.hibernate.SQL                        : drop table if exists role cascade 
Hibernate: drop table if exists role cascade 
2024-12-20T18:37:04.204+01:00 DEBUG 17282 --- [CC3] [           main] org.hibernate.SQL                        : drop table if exists "user" cascade 
Hibernate: drop table if exists "user" cascade 
2024-12-20T18:37:04.204+01:00 DEBUG 17282 --- [CC3] [           main] org.hibernate.SQL                        : drop table if exists user_role cascade 
Hibernate: drop table if exists user_role cascade 
2024-12-20T18:37:04.205+01:00 DEBUG 17282 --- [CC3] [           main] org.hibernate.SQL                        : create table bundle_discount (discount DECIMAL(10, 2), bundled_item_id bigint not null, id bigint generated by default as identity, primary_item_id bigint not null, primary key (id))
Hibernate: create table bundle_discount (discount DECIMAL(10, 2), bundled_item_id bigint not null, id bigint generated by default as identity, primary_item_id bigint not null, primary key (id))
2024-12-20T18:37:04.206+01:00 DEBUG 17282 --- [CC3] [           main] org.hibernate.SQL                        : create table cart (sum_of_discount DECIMAL(10, 2) not null, total_bundle_discount DECIMAL(10, 2) not null, total_bundle_promo_quantity integer not null, total_price_with_discounts DECIMAL(10, 2) not null, total_price_without_discounts DECIMAL(10, 2) not null, id bigint generated by default as identity, user_id bigint not null unique, primary key (id))
Hibernate: create table cart (sum_of_discount DECIMAL(10, 2) not null, total_bundle_discount DECIMAL(10, 2) not null, total_bundle_promo_quantity integer not null, total_price_with_discounts DECIMAL(10, 2) not null, total_price_without_discounts DECIMAL(10, 2) not null, id bigint generated by default as identity, user_id bigint not null unique, primary key (id))
2024-12-20T18:37:04.207+01:00 DEBUG 17282 --- [CC3] [           main] org.hibernate.SQL                        : create table cart_item (quantity integer not null, quantity_normal_price integer not null, quantity_special_price integer not null, single_normal_price DECIMAL(10, 2) not null, single_special_price DECIMAL(10, 2) not null, cart_id bigint, id bigint generated by default as identity, item_id bigint not null, primary key (id))
Hibernate: create table cart_item (quantity integer not null, quantity_normal_price integer not null, quantity_special_price integer not null, single_normal_price DECIMAL(10, 2) not null, single_special_price DECIMAL(10, 2) not null, cart_id bigint, id bigint generated by default as identity, item_id bigint not null, primary key (id))
2024-12-20T18:37:04.208+01:00 DEBUG 17282 --- [CC3] [           main] org.hibernate.SQL                        : create table item (normal_price DECIMAL(10, 2), required_quantity_for_special_price integer not null, special_price DECIMAL(10, 2), id bigint generated by default as identity, name varchar(255), primary key (id))
Hibernate: create table item (normal_price DECIMAL(10, 2), required_quantity_for_special_price integer not null, special_price DECIMAL(10, 2), id bigint generated by default as identity, name varchar(255), primary key (id))
2024-12-20T18:37:04.209+01:00 DEBUG 17282 --- [CC3] [           main] org.hibernate.SQL                        : create table receipt (total_amount DECIMAL(10, 2) not null, id bigint generated by default as identity, issued_at varchar(255) not null, primary key (id))
Hibernate: create table receipt (total_amount DECIMAL(10, 2) not null, id bigint generated by default as identity, issued_at varchar(255) not null, primary key (id))
2024-12-20T18:37:04.210+01:00 DEBUG 17282 --- [CC3] [           main] org.hibernate.SQL                        : create table receipt_purchased_items (cart_item_id bigint not null unique, receipt_id bigint not null)
Hibernate: create table receipt_purchased_items (cart_item_id bigint not null unique, receipt_id bigint not null)
2024-12-20T18:37:04.215+01:00 DEBUG 17282 --- [CC3] [           main] org.hibernate.SQL                        : create table role (id bigint generated by default as identity, name varchar(255), primary key (id))
Hibernate: create table role (id bigint generated by default as identity, name varchar(255), primary key (id))
2024-12-20T18:37:04.216+01:00 DEBUG 17282 --- [CC3] [           main] org.hibernate.SQL                        : create table "user" (id bigint generated by default as identity, login varchar(255), password varchar(255), primary key (id))
Hibernate: create table "user" (id bigint generated by default as identity, login varchar(255), password varchar(255), primary key (id))
2024-12-20T18:37:04.217+01:00 DEBUG 17282 --- [CC3] [           main] org.hibernate.SQL                        : create table user_role (role_id bigint not null, user_id bigint not null, primary key (role_id, user_id))
Hibernate: create table user_role (role_id bigint not null, user_id bigint not null, primary key (role_id, user_id))
2024-12-20T18:37:04.218+01:00 DEBUG 17282 --- [CC3] [           main] org.hibernate.SQL                        : alter table if exists bundle_discount add constraint FKapfvylud3uidapf8nkhsnqvmt foreign key (bundled_item_id) references item
Hibernate: alter table if exists bundle_discount add constraint FKapfvylud3uidapf8nkhsnqvmt foreign key (bundled_item_id) references item
2024-12-20T18:37:04.219+01:00 DEBUG 17282 --- [CC3] [           main] org.hibernate.SQL                        : alter table if exists bundle_discount add constraint FK24o5rr54km66w5270ngsug1v2 foreign key (primary_item_id) references item
Hibernate: alter table if exists bundle_discount add constraint FK24o5rr54km66w5270ngsug1v2 foreign key (primary_item_id) references item
2024-12-20T18:37:04.220+01:00 DEBUG 17282 --- [CC3] [           main] org.hibernate.SQL                        : alter table if exists cart add constraint FKaf0wt8hgkk8v5rfpwdwq7se0t foreign key (user_id) references "user"
Hibernate: alter table if exists cart add constraint FKaf0wt8hgkk8v5rfpwdwq7se0t foreign key (user_id) references "user"
2024-12-20T18:37:04.221+01:00 DEBUG 17282 --- [CC3] [           main] org.hibernate.SQL                        : alter table if exists cart_item add constraint FK1uobyhgl1wvgt1jpccia8xxs3 foreign key (cart_id) references cart
Hibernate: alter table if exists cart_item add constraint FK1uobyhgl1wvgt1jpccia8xxs3 foreign key (cart_id) references cart
2024-12-20T18:37:04.222+01:00 DEBUG 17282 --- [CC3] [           main] org.hibernate.SQL                        : alter table if exists cart_item add constraint FKdljf497fwm1f8eb1h8t6n50u9 foreign key (item_id) references item
Hibernate: alter table if exists cart_item add constraint FKdljf497fwm1f8eb1h8t6n50u9 foreign key (item_id) references item
2024-12-20T18:37:04.223+01:00 DEBUG 17282 --- [CC3] [           main] org.hibernate.SQL                        : alter table if exists receipt_purchased_items add constraint FKdsw6k4p9tm7gkq71oviedo8yh foreign key (cart_item_id) references cart_item
Hibernate: alter table if exists receipt_purchased_items add constraint FKdsw6k4p9tm7gkq71oviedo8yh foreign key (cart_item_id) references cart_item
2024-12-20T18:37:04.224+01:00 DEBUG 17282 --- [CC3] [           main] org.hibernate.SQL                        : alter table if exists receipt_purchased_items add constraint FKpoyep07ohxn712tib7tb1xuyi foreign key (receipt_id) references receipt
Hibernate: alter table if exists receipt_purchased_items add constraint FKpoyep07ohxn712tib7tb1xuyi foreign key (receipt_id) references receipt
2024-12-20T18:37:04.225+01:00 DEBUG 17282 --- [CC3] [           main] org.hibernate.SQL                        : alter table if exists user_role add constraint FKa68196081fvovjhkek5m97n3y foreign key (role_id) references role
Hibernate: alter table if exists user_role add constraint FKa68196081fvovjhkek5m97n3y foreign key (role_id) references role
2024-12-20T18:37:04.226+01:00 DEBUG 17282 --- [CC3] [           main] org.hibernate.SQL                        : alter table if exists user_role add constraint FKfgsgxvihks805qcq8sq26ab7c foreign key (user_id) references "user"
Hibernate: alter table if exists user_role add constraint FKfgsgxvihks805qcq8sq26ab7c foreign key (user_id) references "user"
2024-12-20T18:37:04.228+01:00  INFO 17282 --- [CC3] [           main] j.LocalContainerEntityManagerFactoryBean : Initialized JPA EntityManagerFactory for persistence unit 'default'
2024-12-20T18:37:04.340+01:00  INFO 17282 --- [CC3] [           main] c.c.c.i.repository.UserRepositoryTest    : Started UserRepositoryTest in 1.099 seconds (process running for 10.629)
2024-12-20T18:37:04.352+01:00 DEBUG 17282 --- [CC3] [           main] org.hibernate.SQL                        : insert into "user" (login,password,id) values (?,?,default)
Hibernate: insert into "user" (login,password,id) values (?,?,default)
2024-12-20T18:37:04.356+01:00 DEBUG 17282 --- [CC3] [           main] org.hibernate.SQL                        : select u1_0.id,u1_0.login,u1_0.password from "user" u1_0 where u1_0.login=?
Hibernate: select u1_0.id,u1_0.login,u1_0.password from "user" u1_0 where u1_0.login=?
]]></system-out>
  </testcase>
</testsuite>